<?xml version="1.0" encoding="utf-8"?><testsuites name="pytest tests"><testsuite name="pytest" errors="0" failures="0" skipped="0" tests="12" time="8.260" timestamp="2026-09-16T20:36:20.226499+00:00" hostname="agent-env-644124f0-0477-4681-b342-3c27e9143299"><testcase classname="tests.test_design_studio_flow" name="test_design_meta" time="0.805" /><testcase classname="tests.test_design_studio_flow" name="test_next_code_pattern" time="0.159" /><testcase classname="tests.test_design_studio_flow" name="test_designer_prefix_sri" time="0.581" /><testcase classname="tests.test_design_studio_flow" name="test_categories_list" time="0.190" /><testcase classname="tests.test_design_studio_flow" name="test_tags_endpoint" time="0.192" /><testcase classname="tests.test_design_studio_flow" name="test_create_bad_color_id" time="0.158" /><testcase classname="tests.test_design_studio_flow" name="test_create_bad_category" time="0.317" /><testcase classname="tests.test_design_studio_flow" name="test_lifecycle_full" time="3.535" /><testcase classname="tests.test_design_studio_flow" name="test_colorway_flow" time="0.327" /><testcase classname="tests.test_design_studio_flow" name="test_feedback_sides" time="0.616" /><testcase classname="tests.test_design_studio_flow" name="test_designer_forbidden_assess" time="1.096" /><testcase classname="tests.test_design_studio_flow" name="test_list_filter" time="0.172" /></testsuite></testsuites>