<?xml version="1.0" encoding="utf-8"?><testsuites name="pytest tests"><testsuite name="pytest" errors="0" failures="1" skipped="0" tests="18" time="6.268" timestamp="2026-09-13T18:45:08.775104+00:00" hostname="agent-env-4a0b9168-5631-478e-a486-8ea33f7ea333"><testcase classname="tests.test_fase_sl_scan_label.TestScanLabelFlow" name="test_01_list_scanned_rolls_initial" time="0.732" /><testcase classname="tests.test_fase_sl_scan_label.TestScanLabelFlow" name="test_02_scan_json" time="0.170" /><testcase classname="tests.test_fase_sl_scan_label.TestScanLabelFlow" name="test_03_scan_delimited" time="0.166" /><testcase classname="tests.test_fase_sl_scan_label.TestScanLabelFlow" name="test_04_scan_gs1" time="0.189" /><testcase classname="tests.test_fase_sl_scan_label.TestScanLabelFlow" name="test_05_duplicate" time="0.167" /><testcase classname="tests.test_fase_sl_scan_label.TestScanLabelFlow" name="test_06_unmapped" time="0.200" /><testcase classname="tests.test_fase_sl_scan_label.TestScanLabelFlow" name="test_07_not_in_task" time="0.165" /><testcase classname="tests.test_fase_sl_scan_label.TestScanLabelFlow" name="test_08_no_roll_no" time="0.131" /><testcase classname="tests.test_fase_sl_scan_label.TestScanLabelFlow" name="test_09_undecodable" time="0.151" /><testcase classname="tests.test_fase_sl_scan_label.TestScanLabelFlow" name="test_10_over_po" time="0.137" /><testcase classname="tests.test_fase_sl_scan_label.TestScanLabelFlow" name="test_11_manual_fallback" time="0.161" /><testcase classname="tests.test_fase_sl_scan_label.TestScanLabelFlow" name="test_12_confirm_measure_variance" time="0.441" /><testcase classname="tests.test_fase_sl_scan_label.TestScanLabelFlow" name="test_13_putaway" time="0.557" /><testcase classname="tests.test_fase_sl_scan_label.TestScanLabelFlow" name="test_14_delete_manual" time="0.595" /><testcase classname="tests.test_fase_sl_scan_label.TestScanLabelFlow" name="test_15_stats" time="0.146" /><testcase classname="tests.test_fase_sl_scan_label.TestScanLabelFlow" name="test_16_pattern_test_endpoint" time="0.309" /><testcase classname="tests.test_fase_sl_scan_label.TestScanLabelFlow" name="test_17_pattern_get_put_and_scan_meter" time="1.248" /><testcase classname="tests.test_fase_sl_scan_label.TestScanLabelFlow" name="test_18_complete_task" time="0.466"><failure message="AssertionError: {&quot;detail&quot;:&quot;Aktual lebih besar 60.79% dari berat hasil konversi (31.08 kg) (perkiraan 31.08 vs aktual 49.974). Melebihi batas blokir 5% — periksa timbangan/ukuran atau perbaiki faktor konversi produk. Perbaiki data, atau lanjutkan dengan mengisi alasan override (butuh izin &amp; tercatat di audit).&quot;}&#10;assert 400 == 200&#10; +  where 400 = &lt;Response [400]&gt;.status_code">backend/tests/test_fase_sl_scan_label.py:323: in test_18_complete_task
    assert r.status_code == 200, r.text
E   AssertionError: {"detail":"Aktual lebih besar 60.79% dari berat hasil konversi (31.08 kg) (perkiraan 31.08 vs aktual 49.974). Melebihi batas blokir 5% — periksa timbangan/ukuran atau perbaiki faktor konversi produk. Perbaiki data, atau lanjutkan dengan mengisi alasan override (butuh izin &amp; tercatat di audit)."}
E   assert 400 == 200
E    +  where 400 = &lt;Response [400]&gt;.status_code</failure></testcase></testsuite></testsuites>