<?xml version="1.0" encoding="utf-8"?><testsuites name="pytest tests"><testsuite name="pytest" errors="0" failures="0" skipped="0" tests="9" time="3.254" timestamp="2026-09-13T19:04:21.555902+00:00" hostname="agent-env-4a0b9168-5631-478e-a486-8ea33f7ea333"><testcase classname="tests.test_fase_sl_rfid_alias.TestRfidAutoTag" name="test_00_cleanup_before" time="0.563" /><testcase classname="tests.test_fase_sl_rfid_alias.TestRfidAutoTag" name="test_01_scan_label_auto_encodes_rfid" time="0.134" /><testcase classname="tests.test_fase_sl_rfid_alias.TestRfidAutoTag" name="test_02_scanned_rolls_lists_epc_and_product" time="0.145" /><testcase classname="tests.test_fase_sl_rfid_alias.TestRfidAutoTag" name="test_03_tag_endpoint_rejects_when_already_tagged" time="0.155" /><testcase classname="tests.test_fase_sl_rfid_alias.TestRfidAutoTag" name="test_04_rfid_tags_list_contains_roll_tag" time="0.151" /><testcase classname="tests.test_fase_sl_rfid_alias.TestRfidAutoTag" name="test_05_manual_tag_flow_delete_and_reassign" time="1.072" /><testcase classname="tests.test_fase_sl_rfid_alias.TestRfidAutoTag" name="test_99_cleanup_after" time="0.293" /><testcase classname="tests.test_fase_sl_rfid_alias.TestSupplierAlias" name="test_inventory_balances_has_supplier_codes" time="0.155" /><testcase classname="tests.test_fase_sl_rfid_alias.TestSupplierAlias" name="test_product_template_variants_have_supplier_codes" time="0.493" /></testsuite></testsuites>