<?xml version="1.0" encoding="utf-8"?><testsuites name="pytest tests"><testsuite name="pytest" errors="0" failures="0" skipped="0" tests="10" time="6.096" timestamp="2026-09-18T18:00:14.517199+00:00" hostname="agent-env-c9547327-d640-4b5c-bdf0-c0a82a7dcbba"><testcase classname="tests.test_notifications_iter33" name="test_penagihan_sees_BCDE_not_A" time="1.860" /><testcase classname="tests.test_notifications_iter33" name="test_sales_sees_only_D" time="0.193" /><testcase classname="tests.test_notifications_iter33" name="test_admin_sees_ABCD_not_E" time="0.188" /><testcase classname="tests.test_notifications_iter33" name="test_unread_count_consistent" time="0.331" /><testcase classname="tests.test_notifications_iter33" name="test_role_level_change_gates_notifications" time="0.775" /><testcase classname="tests.test_notifications_iter33" name="test_turn_alerts_finance" time="0.172" /><testcase classname="tests.test_notifications_iter33" name="test_turn_alerts_warehouse" time="0.245" /><testcase classname="tests.test_notifications_iter33" name="test_turn_alerts_cr_staf_penagihan" time="0.231" /><testcase classname="tests.test_notifications_iter33" name="test_turn_roles_python" time="1.052" /><testcase classname="tests.test_notifications_iter33" name="test_read_endpoints_regression" time="0.702" /></testsuite></testsuites>