<?xml version="1.0" encoding="utf-8"?><testsuites name="pytest tests"><testsuite name="pytest" errors="0" failures="0" skipped="0" tests="11" time="1.474" timestamp="2026-09-21T12:52:15.794470+00:00" hostname="agent-env-3ffd0fef-c9e9-40a8-83a4-33fc1db878f8"><testcase classname="tests.test_kn_audit_2026_09_21_iter57" name="test_no_bare_except_in_services_routers" time="0.025" /><testcase classname="tests.test_kn_audit_2026_09_21_iter57" name="test_root_api_200" time="0.161" /><testcase classname="tests.test_kn_audit_2026_09_21_iter57" name="test_kn_b27_create_inbound_roll_yard_to_meter" time="0.338" /><testcase classname="tests.test_kn_audit_2026_09_21_iter57" name="test_kn_b16_rebuild_balance_converts_yard_roll" time="0.007" /><testcase classname="tests.test_kn_audit_2026_09_21_iter57" name="test_kn_b12_cycle_count_reduces_reserved_when_available_empty" time="0.007" /><testcase classname="tests.test_kn_audit_2026_09_21_iter57" name="test_kn_b22_normalize_return_items" time="0.005" /><testcase classname="tests.test_kn_audit_2026_09_21_iter57" name="test_kn_d18_sales_orders_stats_summary_revenue" time="0.456" /><testcase classname="tests.test_kn_audit_2026_09_21_iter57" name="test_kn_d25_inventory_balances_headers_and_names" time="0.093" /><testcase classname="tests.test_kn_audit_2026_09_21_iter57" name="test_product_motifs_scoped_to_entity" time="0.086" /><testcase classname="tests.test_kn_audit_2026_09_21_iter57" name="test_data_hygiene_log_scoped" time="0.080" /><testcase classname="tests.test_kn_audit_2026_09_21_iter57" name="test_customers_post_reject_entity_all" time="0.073" /></testsuite></testsuites>