<?xml version="1.0" encoding="utf-8"?><testsuites name="pytest tests"><testsuite name="pytest" errors="0" failures="2" skipped="0" tests="9" time="3.859" timestamp="2026-09-12T20:52:10.656624+00:00" hostname="agent-env-6a4ad5ab-96d2-4d3d-816d-383ebb45ce2d"><testcase classname="tests.test_iter40_sipro.TestContractPricing" name="test_contract_pricing" time="0.689" /><testcase classname="tests.test_iter40_sipro.TestUnitsConstruction" name="test_units_construction" time="0.076" /><testcase classname="tests.test_iter40_sipro.TestManualComplaint" name="test_validation_and_create" time="0.430" /><testcase classname="tests.test_iter40_sipro.TestLeadsAssignees" name="test_superadmin_sees_multiple" time="0.065" /><testcase classname="tests.test_iter40_sipro.TestLeadsAssignees" name="test_sales_sees_self" time="0.536" /><testcase classname="tests.test_iter40_sipro.TestCreateLead" name="test_create_lead_assigned" time="0.076" /><testcase classname="tests.test_iter40_sipro.TestQuotationsOptions" name="test_options_have_kind_items" time="0.068" /><testcase classname="tests.test_iter40_sipro.TestSchemeSyncScript" name="test_verify_script[Standar KPR (DP 20%)]" time="0.632"><failure message="AssertionError: {&quot;detail&quot;:&quot;Pelanggan tidak ditemukan&quot;}&#10;assert 404 == 200&#10; +  where 404 = &lt;Response [404]&gt;.status_code">backend/tests/test_iter40_sipro.py:193: in test_verify_script
    assert r2.status_code == 200, r2.text
E   AssertionError: {"detail":"Pelanggan tidak ditemukan"}
E   assert 404 == 200
E    +  where 404 = &lt;Response [404]&gt;.status_code</failure></testcase><testcase classname="tests.test_iter40_sipro.TestSchemeSyncScript" name="test_verify_script[Cash keras (DP 80% + pelunasan)]" time="1.209"><failure message="AssertionError: {&quot;detail&quot;:&quot;Pelanggan tidak ditemukan&quot;}&#10;assert 404 == 200&#10; +  where 404 = &lt;Response [404]&gt;.status_code">backend/tests/test_iter40_sipro.py:193: in test_verify_script
    assert r2.status_code == 200, r2.text
E   AssertionError: {"detail":"Pelanggan tidak ditemukan"}
E   assert 404 == 200
E    +  where 404 = &lt;Response [404]&gt;.status_code</failure></testcase></testsuite></testsuites>