<?xml version="1.0" encoding="utf-8"?><testsuites name="pytest tests"><testsuite name="pytest" errors="0" failures="0" skipped="0" tests="8" time="4.216" timestamp="2026-09-18T21:20:07.243093+00:00" hostname="agent-env-3fa3afb2-aa1d-4b7a-a40b-bac57abecdd1"><testcase classname="tests.test_iter40_design_rnd.TestDesignGallery" name="test_final_requirement_no_colorway" time="0.669" /><testcase classname="tests.test_iter40_design_rnd.TestDesignGallery" name="test_upload_source_file_and_download_and_delete" time="0.400" /><testcase classname="tests.test_iter40_design_rnd.TestDesignGallery" name="test_colorway_kind_still_accepted" time="0.345" /><testcase classname="tests.test_iter40_design_rnd.TestDesignGallery" name="test_invalid_kind_rejected" time="0.167" /><testcase classname="tests.test_iter40_design_rnd.TestRndSampleFlow" name="test_create_sample_with_spec" time="0.317" /><testcase classname="tests.test_iter40_design_rnd.TestRndSampleFlow" name="test_full_flow_send_submit_assess" time="0.833" /><testcase classname="tests.test_iter40_design_rnd.TestRndSampleFlow" name="test_admin_creator_cannot_decide" time="0.352" /><testcase classname="tests.test_iter40_design_rnd.TestRndSampleFlow" name="test_manager_decide_and_master_data" time="1.040" /></testsuite></testsuites>