<?xml version="1.0" encoding="utf-8"?><testsuites name="pytest tests"><testsuite name="pytest" errors="0" failures="1" skipped="0" tests="10" time="8.169" timestamp="2026-09-07T18:59:17.866677+00:00" hostname="agent-env-1b730e14-8975-4a51-93ea-7bbe9ff7f7be"><testcase classname="tests.test_iter313_u2_role_desks" name="test_desks_me_role[manager]" time="2.880" /><testcase classname="tests.test_iter313_u2_role_desks" name="test_desks_me_role[sales]" time="0.165" /><testcase classname="tests.test_iter313_u2_role_desks" name="test_desks_me_role[warehouse]" time="0.154" /><testcase classname="tests.test_iter313_u2_role_desks" name="test_desks_me_role[admin]" time="0.181" /><testcase classname="tests.test_iter313_u2_role_desks" name="test_desks_me_other_roles_return_404[finance]" time="0.120" /><testcase classname="tests.test_iter313_u2_role_desks" name="test_desks_me_other_roles_return_404[salesadmin]" time="0.142" /><testcase classname="tests.test_iter313_u2_role_desks" name="test_desks_me_other_roles_return_404[md]" time="0.133" /><testcase classname="tests.test_iter313_u2_role_desks" name="test_sales_desk_only_own_sos" time="0.710" /><testcase classname="tests.test_iter313_u2_role_desks" name="test_giliran_saya_sample_flow" time="3.309"><failure message="AssertionError: expected extra.link=operations, got ''&#10;assert '' == 'operations'&#10;  &#10;  - operations">backend/tests/test_iter313_u2_role_desks.py:130: in test_giliran_saya_sample_flow
    assert link == "operations", f"expected extra.link=operations, got {link!r}"
E   AssertionError: expected extra.link=operations, got ''
E   assert '' == 'operations'
E     
E     - operations</failure></testcase><testcase classname="tests.test_iter313_u2_role_desks" name="test_t11_approve_already_approved_idempotent" time="0.278" /></testsuite></testsuites>