<?xml version="1.0" encoding="utf-8"?><testsuites name="pytest tests"><testsuite name="pytest" errors="0" failures="0" skipped="0" tests="8" time="2.009" timestamp="2026-09-19T04:39:44.379839+00:00" hostname="agent-env-3fa3afb2-aa1d-4b7a-a40b-bac57abecdd1"><testcase classname="tests.test_iter43_sample_spec_required.TestCreateWithSpec" name="test_handfeel_valid_creates_spec_and_persists" time="1.111" /><testcase classname="tests.test_iter43_sample_spec_required.TestSpecRequiredValidation" name="test_no_spec_returns_400" time="0.827" /><testcase classname="tests.test_iter43_sample_spec_required.TestSpecRequiredValidation" name="test_labdip_missing_color_target_400" time="0.132" /><testcase classname="tests.test_iter43_sample_spec_required.TestSpecRequiredValidation" name="test_proofing_missing_design_400" time="0.121" /><testcase classname="tests.test_iter43_sample_spec_required.TestSpecRequiredValidation" name="test_spec_missing_fabric_type_400" time="0.121" /><testcase classname="tests.test_iter43_sample_spec_required.TestCreateWithSpec" name="test_labdip_valid" time="0.180" /><testcase classname="tests.test_iter43_sample_spec_required.TestAttachLegacySpec" name="test_attach_spec_on_legacy_sample" time="0.456" /><testcase classname="tests.test_iter43_sample_spec_required.TestCreateWithSpec" name="test_attach_spec_twice_returns_400" time="0.331" /></testsuite></testsuites>