<?xml version="1.0" encoding="utf-8"?><testsuites name="pytest tests"><testsuite name="pytest" errors="0" failures="0" skipped="0" tests="2" time="1.388" timestamp="2026-09-20T13:12:50.151357+00:00" hostname="agent-env-3fa3afb2-aa1d-4b7a-a40b-bac57abecdd1"><testcase classname="tests.test_iter52_mkt_entity_name" name="test_get_existing_post_has_entity_name" time="0.540" /><testcase classname="tests.test_iter52_mkt_entity_name" name="test_create_post_returns_entity_name" time="0.529" /></testsuite></testsuites>