<?xml version="1.0" encoding="utf-8"?><testsuites name="pytest tests"><testsuite name="pytest" errors="0" failures="0" skipped="1" tests="6" time="1.946" timestamp="2026-09-16T19:24:49.556639+00:00" hostname="agent-env-4a364f46-23ff-4205-8dd0-138e16a7492d"><testcase classname="tests.test_iter_sample_pos_extra" name="test_sample_quote_has_source_and_suggested_roll" time="0.476" /><testcase classname="tests.test_iter_sample_pos_extra" name="test_legacy_sample_requests_removed" time="0.012" /><testcase classname="tests.test_iter_sample_pos_extra" name="test_mixed_cart_and_price_from_quote" time="0.039" /><testcase classname="tests.test_iter_sample_pos_extra" name="test_cut_sample_tag_unknown_and_reason_required" time="0.338" /><testcase classname="tests.test_iter_sample_pos_extra" name="test_sample_prices_admin_and_master_source" time="0.008"><skipped type="pytest.skip" message="belum ada template sample-price untuk produk uji">/app/backend/tests/test_iter_sample_pos_extra.py:141: belum ada template sample-price untuk produk uji</skipped></testcase><testcase classname="tests.test_sample_pos_flow" name="test_sample_line_end_to_end" time="0.920" /></testsuite></testsuites>