<?xml version="1.0" encoding="utf-8"?><testsuites name="pytest tests"><testsuite name="pytest" errors="0" failures="0" skipped="0" tests="2" time="3.400" timestamp="2026-09-19T06:24:50.476715+00:00" hostname="agent-env-3fa3afb2-aa1d-4b7a-a40b-bac57abecdd1"><testcase classname="tests.test_iter44_two_color" name="test_existing_product_two_color" time="0.523" /><testcase classname="tests.test_iter44_two_color" name="test_decide_syncs_two_color_to_new_product" time="2.529" /></testsuite></testsuites>