<?xml version="1.0" encoding="utf-8"?><testsuites name="pytest tests"><testsuite name="pytest" errors="0" failures="0" skipped="0" tests="8" time="2.409" timestamp="2026-09-17T17:08:07.605779+00:00" hostname="agent-env-27051e57-95dc-4cef-8d20-54aa88e3f3a6"><testcase classname="tests.test_iter26_customer_revision_klien_17sep.TestAdminValidations" name="test_a_admin_missing_assigned_sales" time="0.741" /><testcase classname="tests.test_iter26_customer_revision_klien_17sep.TestAdminValidations" name="test_b_admin_missing_pic_name" time="0.157" /><testcase classname="tests.test_iter26_customer_revision_klien_17sep.TestSalesAutoAssign" name="test_f_sales_ignores_fake_assigned" time="0.961" /><testcase classname="tests.test_iter26_customer_revision_klien_17sep.TestAdminValidations" name="test_c_admin_missing_phone" time="0.166" /><testcase classname="tests.test_iter26_customer_revision_klien_17sep.TestSalesAutoAssign" name="test_g_sales_without_assigned_ok" time="0.148" /><testcase classname="tests.test_iter26_customer_revision_klien_17sep.TestAdminValidations" name="test_d1_admin_address_dash" time="0.150" /><testcase classname="tests.test_iter26_customer_revision_klien_17sep.TestAdminValidations" name="test_d2_admin_address_empty" time="0.153" /><testcase classname="tests.test_iter26_customer_revision_klien_17sep.TestAdminValidations" name="test_e_admin_full_ok" time="0.279" /></testsuite></testsuites>