<?xml version="1.0" encoding="utf-8"?><testsuites name="pytest tests"><testsuite name="pytest" errors="0" failures="1" skipped="0" tests="14" time="6.253" timestamp="2026-09-19T13:08:35.824231+00:00" hostname="agent-env-3fa3afb2-aa1d-4b7a-a40b-bac57abecdd1"><testcase classname="tests.test_iter49_special_orders_phase4.TestFullPhase4Flow" name="test_01_create_and_submit" time="0.847" /><testcase classname="tests.test_iter49_special_orders_phase4.TestSalesAdminDesk" name="test_desk_has_od_queues" time="0.873" /><testcase classname="tests.test_iter49_special_orders_phase4.TestFullPhase4Flow" name="test_02_manager_approve" time="0.906" /><testcase classname="tests.test_iter49_special_orders_phase4.TestSalesAdminDesk" name="test_desk_admin_access" time="0.799" /><testcase classname="tests.test_iter49_special_orders_phase4.TestBaselineDone" name="test_baseline_od_done" time="0.773"><failure message="AssertionError: [None]&#10;assert False&#10; +  where False = any(&lt;generator object TestBaselineDone.test_baseline_od_done.&lt;locals&gt;.&lt;genexpr&gt; at 0xfb44ac113d30&gt;)">backend/tests/test_iter49_special_orders_phase4.py:126: in test_baseline_od_done
    assert any("SJ-00005" in (n or "") for n in nums), nums
E   AssertionError: [None]
E   assert False
E    +  where False = any(&lt;generator object TestBaselineDone.test_baseline_od_done.&lt;locals&gt;.&lt;genexpr&gt; at 0xfb44ac113d30&gt;)</failure></testcase><testcase classname="tests.test_iter49_special_orders_phase4.TestFullPhase4Flow" name="test_03_send_upload_submit_assess" time="1.067" /><testcase classname="tests.test_iter49_special_orders_phase4.TestPrepareShipmentGuard" name="test_prepare_shipment_400_no_so" time="0.262" /><testcase classname="tests.test_iter49_special_orders_phase4.TestFullPhase4Flow" name="test_04_decide_by_admin" time="0.326" /><testcase classname="tests.test_iter49_special_orders_phase4.TestFullPhase4Flow" name="test_05_customer_acc_and_lock_price" time="0.679" /><testcase classname="tests.test_iter49_special_orders_phase4.TestFullPhase4Flow" name="test_06_receive_po" time="1.043" /><testcase classname="tests.test_iter49_special_orders_phase4.TestFullPhase4Flow" name="test_07_od_ready_with_outbound_task" time="0.118" /><testcase classname="tests.test_iter49_special_orders_phase4.TestFullPhase4Flow" name="test_08_pick_and_dispatch" time="0.463" /><testcase classname="tests.test_iter49_special_orders_phase4.TestFullPhase4Flow" name="test_09_mark_delivered_so_od_done" time="0.261" /><testcase classname="tests.test_iter49_special_orders_phase4.TestFullPhase4Flow" name="test_10_prepare_shipment_idempotent" time="0.142" /></testsuite></testsuites>