<?xml version="1.0" encoding="utf-8"?><testsuites name="pytest tests"><testsuite name="pytest" errors="0" failures="0" skipped="2" tests="12" time="7.857" timestamp="2026-09-12T19:17:38.800491+00:00" hostname="agent-env-77b8f737-606d-44bc-b835-c54746822748"><testcase classname="tests.test_iter39_proof_and_booking.TestARReceiptProof" name="test_reject_without_proof" time="0.647" /><testcase classname="tests.test_iter39_proof_and_booking.TestARReceiptProof" name="test_accept_with_proof" time="0.241" /><testcase classname="tests.test_iter39_proof_and_booking.TestBookingFeeProof" name="test_reject_without_proof" time="0.464" /><testcase classname="tests.test_iter39_proof_and_booking.TestBookingFeeProof" name="test_accept_with_proof" time="0.437" /><testcase classname="tests.test_iter39_proof_and_booking.TestCostInvoiceProof" name="test_reject_without_proof" time="0.067"><skipped type="pytest.skip" message="no unpaid cost-invoice">/app/backend/tests/test_iter39_proof_and_booking.py:129: no unpaid cost-invoice</skipped></testcase><testcase classname="tests.test_iter39_proof_and_booking.TestDepositProof" name="test_reject_without_proof" time="0.366" /><testcase classname="tests.test_iter39_proof_and_booking.TestDepositProof" name="test_accept_with_proof" time="0.499" /><testcase classname="tests.test_iter39_proof_and_booking.TestDisburseProof" name="test_reject_without_file_id" time="0.068" /><testcase classname="tests.test_iter39_proof_and_booking.TestAllInBookingComponent" name="test_component_registered" time="0.074" /><testcase classname="tests.test_iter39_proof_and_booking.TestAllInBookingComponent" name="test_preview_reflects_booking_fee" time="0.144" /><testcase classname="tests.test_iter39_proof_and_booking.TestAllInWithoutBookingRegression" name="test_booking_fee_applied_to_ar" time="3.786" /><testcase classname="tests.test_iter39_proof_and_booking.TestLegalOverrideFilesRequired" name="test_override_reason_without_files_rejected_or_not_422" time="1.009"><skipped type="pytest.skip" message="no overridable-gate contract found in dataset">/app/backend/tests/test_iter39_proof_and_booking.py:243: no overridable-gate contract found in dataset</skipped></testcase></testsuite></testsuites>