<?xml version="1.0" encoding="utf-8"?><testsuites name="pytest tests"><testsuite name="pytest" errors="0" failures="0" skipped="0" tests="9" time="2.475" timestamp="2026-09-17T03:01:32.922533+00:00" hostname="agent-env-282db29e-be99-47fa-a433-07fd7b3a1292"><testcase classname="tests.test_iter316_designer_kpi_design_weight.TestDesignerKpiBase" name="test_weights_and_rows" time="0.685" /><testcase classname="tests.test_iter316_designer_kpi_design_weight.TestDesignerKpiTrend" name="test_design_score_trend" time="0.083" /><testcase classname="tests.test_iter316_designer_kpi_design_weight.TestDesignerKpiTrend" name="test_grade_metric" time="0.100" /><testcase classname="tests.test_iter316_designer_kpi_design_weight.TestDesignerKpiTrend" name="test_avg_score_metric" time="0.100" /><testcase classname="tests.test_iter316_designer_kpi_design_weight.TestDesignWeightImpact" name="test_weight_changes" time="0.825" /><testcase classname="tests.test_iter316_designer_kpi_design_weight.TestExports" name="test_csv" time="0.115" /><testcase classname="tests.test_iter316_designer_kpi_design_weight.TestExports" name="test_pdf" time="0.172" /><testcase classname="tests.test_iter316_designer_kpi_design_weight.TestExports" name="test_report_designer_pdf" time="0.121" /><testcase classname="tests.test_iter316_designer_kpi_design_weight.TestExports" name="test_my_kpi" time="0.186" /></testsuite></testsuites>