<?xml version="1.0" encoding="utf-8"?><testsuites name="pytest tests"><testsuite name="pytest" errors="0" failures="0" skipped="0" tests="17" time="2.734" timestamp="2026-09-21T15:29:55.562838+00:00" hostname="agent-env-3ffd0fef-c9e9-40a8-83a4-33fc1db878f8"><testcase classname="tests.test_kn_audit_2026_09_21_iter58" name="test_startup_root_ok" time="0.253" /><testcase classname="tests.test_kn_audit_2026_09_21_iter58" name="test_startup_no_traceback" time="0.005" /><testcase classname="tests.test_kn_audit_2026_09_21_iter58" name="test_d11_compute_atp_pure" time="0.019" /><testcase classname="tests.test_kn_audit_2026_09_21_iter58" name="test_d11_within_horizon_pure" time="0.000" /><testcase classname="tests.test_kn_audit_2026_09_21_iter58" name="test_d11_rebuild_balance_pending_demand" time="0.312" /><testcase classname="tests.test_kn_audit_2026_09_21_iter58" name="test_d11_stock_atp_endpoint_consistent" time="0.444" /><testcase classname="tests.test_kn_audit_2026_09_21_iter58" name="test_d16_tolerances_shape" time="0.047" /><testcase classname="tests.test_kn_audit_2026_09_21_iter58" name="test_d16_contra_bon_policy_uses_three_way" time="0.038" /><testcase classname="tests.test_kn_audit_2026_09_21_iter58" name="test_d16_evaluate_bill_price_variance_over_tolerance" time="0.000" /><testcase classname="tests.test_kn_audit_2026_09_21_iter58" name="test_d16_evaluate_bill_price_variance_within_tolerance" time="0.000" /><testcase classname="tests.test_kn_audit_2026_09_21_iter58" name="test_d16_vendor_bill_evaluate_match_value_tol_suppresses" time="0.000" /><testcase classname="tests.test_kn_audit_2026_09_21_iter58" name="test_atomic_scan_label_on_completed_task_409" time="0.095" /><testcase classname="tests.test_kn_audit_2026_09_21_iter58" name="test_atomic_special_order_approve_uses_cas" time="0.001" /><testcase classname="tests.test_kn_audit_2026_09_21_iter58" name="test_regression_endpoints_ok[vendor-bills]" time="0.080" /><testcase classname="tests.test_kn_audit_2026_09_21_iter58" name="test_regression_endpoints_ok[contra-bons]" time="0.144" /><testcase classname="tests.test_kn_audit_2026_09_21_iter58" name="test_regression_endpoints_ok[inventory/balances]" time="0.086" /><testcase classname="tests.test_kn_audit_2026_09_21_iter58" name="test_regression_endpoints_ok[sales-orders/stats/summary]" time="0.085" /></testsuite></testsuites>