<?xml version="1.0" encoding="utf-8"?><testsuites name="pytest tests"><testsuite name="pytest" errors="0" failures="0" skipped="0" tests="9" time="2.328" timestamp="2026-09-07T18:28:44.926549+00:00" hostname="agent-env-1b730e14-8975-4a51-93ea-7bbe9ff7f7be"><testcase classname="tests.test_iter12_location_backlog" name="test_warehouse_reject_postal_mismatch" time="0.556" /><testcase classname="tests.test_iter12_location_backlog" name="test_warehouse_create_verified" time="0.081" /><testcase classname="tests.test_iter12_location_backlog" name="test_warehouse_patch_reject_and_accept" time="0.251" /><testcase classname="tests.test_iter12_location_backlog" name="test_warehouse_site" time="0.163" /><testcase classname="tests.test_iter12_location_backlog" name="test_hr_employee_location" time="0.259" /><testcase classname="tests.test_iter12_location_backlog" name="test_backlog_list_shape" time="0.087" /><testcase classname="tests.test_iter12_location_backlog" name="test_backlog_filter_by_collection" time="0.180" /><testcase classname="tests.test_iter12_location_backlog" name="test_backlog_fix_customer" time="0.480" /><testcase classname="tests.test_iter12_location_backlog" name="test_backlog_unknown_collection" time="0.115" /></testsuite></testsuites>