<?xml version="1.0" encoding="utf-8"?><testsuites name="pytest tests"><testsuite name="pytest" errors="0" failures="0" skipped="0" tests="12" time="6.753" timestamp="2026-09-17T18:40:00.347308+00:00" hostname="agent-env-883843a4-d001-4362-aa13-baa04f775f7d"><testcase classname="tests.test_iter318_dispatch_logistics" name="test_dashboard_shape" time="0.785" /><testcase classname="tests.test_iter318_dispatch_logistics" name="test_unassigned_no_address_leak_for_pickup_orders" time="0.184" /><testcase classname="tests.test_iter318_dispatch_logistics" name="test_create_delivery_rejects_self_pickup_for_kirim_so" time="0.507" /><testcase classname="tests.test_iter318_dispatch_logistics" name="test_admin_sees_pickup_code" time="0.222" /><testcase classname="tests.test_iter318_dispatch_logistics" name="test_warehouse_pickup_code_hidden" time="0.628" /><testcase classname="tests.test_iter318_dispatch_logistics" name="test_transition_loaded_rejected_for_pickup" time="0.203" /><testcase classname="tests.test_iter318_dispatch_logistics" name="test_pickup_handover_wrong_code" time="0.407" /><testcase classname="tests.test_iter318_dispatch_logistics" name="test_pickup_handover_success_then_duplicate" time="0.753" /><testcase classname="tests.test_iter318_dispatch_logistics" name="test_fleet_vehicle_crud" time="1.680" /><testcase classname="tests.test_iter318_dispatch_logistics" name="test_fleet_availability_and_on_trip_maintenance_blocked" time="0.358" /><testcase classname="tests.test_iter318_dispatch_logistics" name="test_history_filters" time="0.465" /><testcase classname="tests.test_iter318_dispatch_logistics" name="test_order_preview_leak" time="0.184" /></testsuite></testsuites>