<?xml version="1.0" encoding="utf-8"?><testsuites name="pytest tests"><testsuite name="pytest" errors="0" failures="0" skipped="0" tests="10" time="3.670" timestamp="2026-09-19T12:54:16.887158+00:00" hostname="agent-env-3fa3afb2-aa1d-4b7a-a40b-bac57abecdd1"><testcase classname="tests.test_iter48_special_orders_phase3_retest.TestExistingPO" name="test_po_bb6ee82dee6b" time="0.813" /><testcase classname="tests.test_iter48_special_orders_phase3_retest.TestRetestFullFlow" name="test_01_create_and_submit" time="0.790" /><testcase classname="tests.test_iter48_special_orders_phase3_retest.TestRetestFullFlow" name="test_02_manager_approve" time="0.703" /><testcase classname="tests.test_iter48_special_orders_phase3_retest.TestRetestFullFlow" name="test_03_send_supplier" time="0.288" /><testcase classname="tests.test_iter48_special_orders_phase3_retest.TestRetestFullFlow" name="test_04_upload_submit_assess" time="0.435" /><testcase classname="tests.test_iter48_special_orders_phase3_retest.TestRetestFullFlow" name="test_05_decide_by_admin" time="0.311" /><testcase classname="tests.test_iter48_special_orders_phase3_retest.TestRetestFullFlow" name="test_06_customer_decision_acc" time="0.138" /><testcase classname="tests.test_iter48_special_orders_phase3_retest.TestRetestFullFlow" name="test_07_lock_price_auto_po" time="0.324" /><testcase classname="tests.test_iter48_special_orders_phase3_retest.TestRetestFullFlow" name="test_08_verify_po_uses_winner_contract" time="0.136" /><testcase classname="tests.test_iter48_special_orders_phase3_retest.TestRetestFullFlow" name="test_09_convert_to_so" time="0.175" /></testsuite></testsuites>