<?xml version="1.0" encoding="utf-8"?><testsuites name="pytest tests"><testsuite name="pytest" errors="0" failures="0" skipped="0" tests="14" time="9.225" timestamp="2026-09-17T09:58:31.752501+00:00" hostname="agent-env-b98a9549-ec49-474a-8d00-0cf439210c00"><testcase classname="tests.test_iter23_sample_and_designer" name="test_a1_create_sample_order_paid" time="0.541" /><testcase classname="tests.test_iter23_sample_and_designer" name="test_a1_sample_mixed_rejected" time="0.172" /><testcase classname="tests.test_iter23_sample_and_designer" name="test_a1_sample_limit_rejected" time="0.146" /><testcase classname="tests.test_iter23_sample_and_designer" name="test_a1_sample_endpoints_200" time="0.848" /><testcase classname="tests.test_iter23_sample_and_designer" name="test_a2_confirm_paid_before_approve_409" time="0.139" /><testcase classname="tests.test_iter23_sample_and_designer" name="test_a2_approve_payment_then_confirm" time="0.653" /><testcase classname="tests.test_iter23_sample_and_designer" name="test_a2_cancel_flow" time="0.248" /><testcase classname="tests.test_iter23_sample_and_designer" name="test_b1_categories_both_axes" time="0.636" /><testcase classname="tests.test_iter23_sample_and_designer" name="test_b1_add_design_category" time="0.279" /><testcase classname="tests.test_iter23_sample_and_designer" name="test_b1_reject_bad_design_type" time="0.152" /><testcase classname="tests.test_iter23_sample_and_designer" name="test_b1_next_code_format" time="0.215" /><testcase classname="tests.test_iter23_sample_and_designer" name="test_b2_create_and_submit" time="1.811" /><testcase classname="tests.test_iter23_sample_and_designer" name="test_b3_full_revision_and_final" time="2.847" /><testcase classname="tests.test_iter23_sample_and_designer" name="test_b4_designer_forbidden" time="0.374" /></testsuite></testsuites>