<?xml version="1.0" encoding="utf-8"?><testsuites name="pytest tests"><testsuite name="pytest" errors="0" failures="0" skipped="0" tests="6" time="3.528" timestamp="2026-09-10T18:12:52.063688+00:00" hostname="agent-env-5d315e7a-89e1-46a7-bd39-dc3e99788f25"><testcase classname="tests.test_iter31_ap_detail" name="test_unknown_id_returns_404" time="1.132" /><testcase classname="tests.test_iter31_ap_detail" name="test_both_roles_can_view" time="0.743" /><testcase classname="tests.test_iter31_ap_detail" name="test_termin_bill_detail_shape" time="0.156" /><testcase classname="tests.test_iter31_ap_detail" name="test_beton_partial_with_withholding" time="0.151" /><testcase classname="tests.test_iter31_ap_detail" name="test_po_bill_paid" time="0.157" /><testcase classname="tests.test_iter31_ap_detail" name="test_journals_source_scope" time="0.715" /></testsuite></testsuites>