<?xml version="1.0" encoding="utf-8"?><testsuites name="pytest tests"><testsuite name="pytest" errors="0" failures="0" skipped="0" tests="6" time="6.057" timestamp="2026-09-10T17:51:08.658480+00:00" hostname="agent-env-5d315e7a-89e1-46a7-bd39-dc3e99788f25"><testcase classname="tests.test_iter30_audit_fundreq" name="test_reconcile_shape_and_ok" time="0.703" /><testcase classname="tests.test_iter30_audit_fundreq" name="test_reconcile_detects_mismatch_and_recovers" time="0.313" /><testcase classname="tests.test_iter30_audit_fundreq" name="test_hpp_unit_404" time="0.152" /><testcase classname="tests.test_iter30_audit_fundreq" name="test_hpp_unit_shape" time="0.340" /><testcase classname="tests.test_iter30_audit_fundreq" name="test_vendor_payment_flow_end_to_end" time="2.769" /><testcase classname="tests.test_iter30_audit_fundreq" name="test_reconcile_still_ok_after_cleanup" time="0.705" /></testsuite></testsuites>