<?xml version="1.0" encoding="utf-8"?><testsuites name="pytest tests"><testsuite name="pytest" errors="0" failures="0" skipped="0" tests="11" time="3.234" timestamp="2026-09-18T18:45:17.319418+00:00" hostname="agent-env-c9547327-d640-4b5c-bdf0-c0a82a7dcbba"><testcase classname="tests.test_role_editor_iter37.TestPreview" name="test_preview_existing_role_no_levels" time="0.877" /><testcase classname="tests.test_role_editor_iter37.TestPreview" name="test_preview_existing_role_ar_none_drops_invoice" time="0.163" /><testcase classname="tests.test_role_editor_iter37.TestPreview" name="test_preview_base_role_finance" time="0.289" /><testcase classname="tests.test_role_editor_iter37.TestPreview" name="test_preview_unknown_base_role_400" time="0.270" /><testcase classname="tests.test_role_editor_iter37.TestMoveUsers" name="test_move_to_admin_denied" time="1.551" /><testcase classname="tests.test_role_editor_iter37.TestMoveUsers" name="test_move_to_same_denied" time="0.148" /><testcase classname="tests.test_role_editor_iter37.TestPreview" name="test_preview_unknown_level_400" time="0.168" /><testcase classname="tests.test_role_editor_iter37.TestMoveUsers" name="test_move_to_nonexistent_404" time="0.153" /><testcase classname="tests.test_role_editor_iter37.TestPreview" name="test_preview_does_not_persist" time="0.141" /><testcase classname="tests.test_role_editor_iter37.TestMoveUsers" name="test_move_to_sales_ok" time="0.537" /><testcase classname="tests.test_role_editor_iter37.TestMoveUsers" name="test_delete_empty_role_ok" time="0.482" /></testsuite></testsuites>