<?xml version="1.0" encoding="utf-8"?><testsuites name="pytest tests"><testsuite name="pytest" errors="0" failures="0" skipped="0" tests="8" time="3.532" timestamp="2026-09-11T08:05:40.629111+00:00" hostname="agent-env-df831ef8-3b3e-4189-aade-830f010f292b"><testcase classname="tests.test_kpr_disburse_bugfix.TestSchemesList" name="test_bank_btn_filter_and_default" time="0.726" /><testcase classname="tests.test_kpr_disburse_bugfix.TestSchemesList" name="test_bank_bca_excludes_btn" time="0.155" /><testcase classname="tests.test_kpr_disburse_bugfix.TestSchemeValidation" name="test_post_pct_not_100_rejected" time="0.236" /><testcase classname="tests.test_kpr_disburse_bugfix.TestSchemeValidation" name="test_post_all_fixed_amount_allowed" time="0.326" /><testcase classname="tests.test_kpr_disburse_bugfix.TestFinancingDisburseBugFix" name="test_free_amount_rejected" time="1.394" /><testcase classname="tests.test_kpr_disburse_bugfix.TestFinancingDisburseBugFix" name="test_tranche_sertifikat_condition_not_met" time="0.123" /><testcase classname="tests.test_kpr_disburse_bugfix.TestContractsDisburseParity" name="test_free_amount_rejected" time="0.602" /><testcase classname="tests.test_kpr_disburse_bugfix.TestFinancingDisburseBugFix" name="test_tranche_disburse_and_ar_and_cancel" time="1.521" /></testsuite></testsuites>