<?xml version="1.0" encoding="utf-8"?><testsuites name="pytest tests"><testsuite name="pytest" errors="0" failures="0" skipped="0" tests="3" time="1.420" timestamp="2026-09-19T02:59:54.365615+00:00" hostname="agent-env-3fa3afb2-aa1d-4b7a-a40b-bac57abecdd1"><testcase classname="tests.test_color_links" name="test_supplier_variants_contains_target_row" time="0.613" /><testcase classname="tests.test_color_links" name="test_color_links_returns_full_structure" time="0.164" /><testcase classname="tests.test_color_links" name="test_color_links_404" time="0.158" /></testsuite></testsuites>