<?xml version="1.0" encoding="utf-8"?><testsuites name="pytest tests"><testsuite name="pytest" errors="0" failures="0" skipped="0" tests="9" time="2.922" timestamp="2026-09-07T19:37:52.439980+00:00" hostname="agent-env-1b730e14-8975-4a51-93ea-7bbe9ff7f7be"><testcase classname="tests.test_iter14_wh_transfer_rolls.TestRollsAvailable" name="test_filter_by_warehouse_and_supplier_refs" time="0.649" /><testcase classname="tests.test_iter14_wh_transfer_rolls.TestRollsAvailable" name="test_no_warehouse_filter_returns_all" time="0.095" /><testcase classname="tests.test_iter14_wh_transfer_rolls.TestProductsSupplierCodes" name="test_products_have_supplier_codes_field" time="0.333" /><testcase classname="tests.test_iter14_wh_transfer_rolls.TestTransfersWithRolls" name="test_create_transfer_with_roll_ids_qty_and_unit_from_master" time="0.305" /><testcase classname="tests.test_iter14_wh_transfer_rolls.TestTransfersWithRolls" name="test_double_reserve_returns_409" time="0.385" /><testcase classname="tests.test_iter14_wh_transfer_rolls.TestTransfersWithRolls" name="test_roll_from_wrong_warehouse_returns_400" time="0.186" /><testcase classname="tests.test_iter14_wh_transfer_rolls.TestTransfersWithRolls" name="test_no_roll_ids_and_qty_zero_returns_400" time="0.085" /><testcase classname="tests.test_iter14_wh_transfer_rolls.TestTransfersWithRolls" name="test_legacy_qty_only_still_works" time="0.204" /><testcase classname="tests.test_iter14_wh_transfer_rolls.TestTransfersWithRolls" name="test_reject_returns_roll_to_available" time="0.477" /></testsuite></testsuites>