<?xml version="1.0" encoding="utf-8"?><testsuites name="pytest tests"><testsuite name="pytest" errors="0" failures="0" skipped="2" tests="47" time="9.003" timestamp="2026-09-21T15:30:03.763009+00:00" hostname="agent-env-3ffd0fef-c9e9-40a8-83a4-33fc1db878f8"><testcase classname="tests.test_kn_audit_2026_09_21" name="test_sample_order_isolated_by_active_entity" time="0.681"><skipped type="pytest.skip" message="tidak ada pesanan sampel demo">/app/backend/tests/test_kn_audit_2026_09_21.py:47: tidak ada pesanan sampel demo</skipped></testcase><testcase classname="tests.test_kn_audit_2026_09_21_extended" name="test_kn_a01_gl_void_cross_entity" time="0.880" /><testcase classname="tests.test_kn_audit_2026_09_21" name="test_gl_void_cross_entity_denied" time="0.546" /><testcase classname="tests.test_kn_audit_2026_09_21_extended" name="test_kn_a03_cash_void_cross_entity" time="0.265" /><testcase classname="tests.test_kn_audit_2026_09_21_extended" name="test_kn_a04_vendor_bill_actions_cross_entity[pay-payload0]" time="0.180" /><testcase classname="tests.test_kn_audit_2026_09_21" name="test_cash_void_cross_entity_denied" time="0.571" /><testcase classname="tests.test_kn_audit_2026_09_21_extended" name="test_kn_a04_vendor_bill_actions_cross_entity[submit-payload1]" time="0.412" /><testcase classname="tests.test_kn_audit_2026_09_21_extended" name="test_kn_a04_vendor_bill_actions_cross_entity[approve-payload2]" time="0.182" /><testcase classname="tests.test_kn_audit_2026_09_21" name="test_vendor_bill_pay_cross_entity_denied" time="0.526" /><testcase classname="tests.test_kn_audit_2026_09_21_extended" name="test_kn_a04_vendor_bill_actions_cross_entity[reject-payload3]" time="0.312" /><testcase classname="tests.test_kn_audit_2026_09_21_extended" name="test_kn_a04_vendor_bill_actions_cross_entity[cancel-payload4]" time="0.186" /><testcase classname="tests.test_kn_audit_2026_09_21" name="test_purchase_return_list_scoped" time="0.493" /><testcase classname="tests.test_kn_audit_2026_09_21_extended" name="test_kn_a02_cycle_count_cross_entity" time="0.013"><skipped type="pytest.skip" message="tidak ada warehouse KSC demo">/app/backend/tests/test_kn_audit_2026_09_21_extended.py:124: tidak ada warehouse KSC demo</skipped></testcase><testcase classname="tests.test_kn_audit_2026_09_21_extended" name="test_kn_a06_purchase_return_list_scoped" time="0.293" /><testcase classname="tests.test_kn_audit_2026_09_21_extended" name="test_kn_a05_purchase_return_actions_cross_entity[submit]" time="0.183" /><testcase classname="tests.test_kn_audit_2026_09_21" name="test_rfid_green_lists_identical" time="0.209" /><testcase classname="tests.test_kn_audit_2026_09_21_extended" name="test_kn_a05_purchase_return_actions_cross_entity[approve]" time="0.184" /><testcase classname="tests.test_kn_audit_2026_09_21" name="test_shared_status_constants" time="0.102" /><testcase classname="tests.test_kn_audit_2026_09_21_extended" name="test_kn_a05_purchase_return_actions_cross_entity[reject]" time="0.199" /><testcase classname="tests.test_kn_audit_2026_09_21_extended" name="test_kn_b29_ar_receipt_create_fake_entity" time="0.448" /><testcase classname="tests.test_kn_audit_2026_09_21_extended" name="test_kn_b29_ar_receipt_void_cross_entity" time="0.177" /><testcase classname="tests.test_kn_audit_2026_09_21_extended" name="test_kn_b30_payroll_actions_cross_entity[submit]" time="0.203" /><testcase classname="tests.test_kn_audit_2026_09_21_extended" name="test_kn_b30_payroll_actions_cross_entity[approve]" time="0.185" /><testcase classname="tests.test_kn_audit_2026_09_21_extended" name="test_kn_b30_payroll_actions_cross_entity[reject]" time="0.198" /><testcase classname="tests.test_kn_audit_2026_09_21_extended" name="test_kn_b30_payroll_actions_cross_entity[post-gl]" time="0.197" /><testcase classname="tests.test_kn_audit_2026_09_21_extended" name="test_kn_b30_payroll_actions_cross_entity[pay]" time="0.176" /><testcase classname="tests.test_kn_audit_2026_09_21_extended" name="test_kn_b31_interco_guard" time="0.185" /><testcase classname="tests.test_kn_audit_2026_09_21_extended" name="test_kn_b32_fixed_asset_dispose_cross_entity" time="0.182" /><testcase classname="tests.test_kn_audit_2026_09_21_extended" name="test_kn_b33_landed_cost_actions_cross_entity[approve-payload0]" time="0.185" /><testcase classname="tests.test_kn_audit_2026_09_21_extended" name="test_kn_b33_landed_cost_actions_cross_entity[pay-payload1]" time="0.269" /><testcase classname="tests.test_kn_audit_2026_09_21_extended" name="test_kn_b33_landed_cost_actions_cross_entity[cancel-payload2]" time="0.179" /><testcase classname="tests.test_kn_audit_2026_09_21_extended" name="test_kn_b34_bank_account_patch_cross_entity" time="0.183" /><testcase classname="tests.test_kn_audit_2026_09_21_extended" name="test_kn_c01_inbound_escalate_bad_status" time="0.097" /><testcase classname="tests.test_kn_audit_2026_09_21_extended" name="test_kn_c01_inbound_resolve_escalation_bad_status" time="0.088" /><testcase classname="tests.test_kn_audit_2026_09_21_extended" name="test_kn_c02_outbound_escalate_bad_status" time="0.105" /><testcase classname="tests.test_kn_audit_2026_09_21_extended" name="test_kn_b15_po_duplicate_product_line" time="0.092" /><testcase classname="tests.test_kn_audit_2026_09_21_extended" name="test_kn_a12_sales_orders_unique_number" time="0.003" /><testcase classname="tests.test_kn_audit_2026_09_21_extended" name="test_kn_a12_journal_entries_unique_source" time="0.003" /><testcase classname="tests.test_kn_audit_2026_09_21_extended" name="test_kn_d02_so_approve_rejected_returns_409" time="0.094" /><testcase classname="tests.test_kn_audit_2026_09_21_extended" name="test_kn_d05_po_approve_cas_parallel" time="0.930" /><testcase classname="tests.test_kn_audit_2026_09_21_extended" name="test_kn_c03_c05_shared_constants" time="0.293" /><testcase classname="tests.test_kn_audit_2026_09_21_extended" name="test_regression_read_endpoints_ok[dashboard]" time="0.118" /><testcase classname="tests.test_kn_audit_2026_09_21_extended" name="test_regression_read_endpoints_ok[gl/trial-balance]" time="0.090" /><testcase classname="tests.test_kn_audit_2026_09_21_extended" name="test_regression_read_endpoints_ok[vendor-bills]" time="0.085" /><testcase classname="tests.test_kn_audit_2026_09_21_extended" name="test_regression_read_endpoints_ok[purchase-returns]" time="0.096" /><testcase classname="tests.test_kn_audit_2026_09_21_extended" name="test_regression_read_endpoints_ok[desks/me]" time="0.098" /><testcase classname="tests.test_kn_audit_2026_09_21_extended" name="test_regression_inventory_endpoint" time="0.093" /></testsuite></testsuites>