<?xml version="1.0" encoding="utf-8"?><testsuites name="pytest tests"><testsuite name="pytest" errors="0" failures="0" skipped="2" tests="9" time="2.819" timestamp="2026-09-19T11:45:53.446585+00:00" hostname="agent-env-3fa3afb2-aa1d-4b7a-a40b-bac57abecdd1"><testcase classname="tests.test_iter46_special_orders_phase2.TestExistingConfirmedOD" name="test_confirmed_and_locked" time="0.729" /><testcase classname="tests.test_iter46_special_orders_phase2.TestExclusivity" name="test_wrong_customer_400" time="0.717" /><testcase classname="tests.test_iter46_special_orders_phase2.TestExclusivity" name="test_right_customer_ok" time="0.145" /><testcase classname="tests.test_iter46_special_orders_phase2.TestExistingConfirmedOD" name="test_customer_decision_blocked_when_locked" time="0.124" /><testcase classname="tests.test_iter46_special_orders_phase2.TestExistingConfirmedOD" name="test_manager_cannot_unlock" time="0.692" /><testcase classname="tests.test_iter46_special_orders_phase2.TestExistingConfirmedOD" name="test_admin_unlock_then_relock" time="0.613" /><testcase classname="tests.test_iter46_special_orders_phase2.TestFullSamplingFlow" name="test_full_flow" time="1.047"><skipped type="pytest.skip" message="OD sord_607ea61709a4 already confirmed; cannot re-run destructive flow.">/app/backend/tests/test_iter46_special_orders_phase2.py:213: OD sord_607ea61709a4 already confirmed; cannot re-run destructive flow.</skipped></testcase><testcase classname="tests.test_iter46_special_orders_phase2.TestRejectFlow" name="test_reject_cancels_od" time="0.119"><skipped type="pytest.skip" message="OD already cancelled">/app/backend/tests/test_iter46_special_orders_phase2.py:319: OD already cancelled</skipped></testcase><testcase classname="tests.test_iter46_special_orders_phase2.TestProofingAuto" name="test_has_proofing_sample" time="0.269" /></testsuite></testsuites>