<?xml version="1.0" encoding="utf-8"?><testsuites name="pytest tests"><testsuite name="pytest" errors="0" failures="0" skipped="0" tests="5" time="2.227" timestamp="2026-09-17T16:21:30.209377+00:00" hostname="agent-env-27051e57-95dc-4cef-8d20-54aa88e3f3a6"><testcase classname="tests.test_iter25_revision_filter.TestRevisionFilter" name="test_no_min_revision_returns_all_four" time="0.724" /><testcase classname="tests.test_iter25_revision_filter.TestRevisionFilter" name="test_min_revision_zero_returns_all" time="0.679" /><testcase classname="tests.test_iter25_revision_filter.TestRevisionFilter" name="test_min_revision_one_returns_only_ksc_dsr_00004" time="0.150" /><testcase classname="tests.test_iter25_revision_filter.TestRevisionFilter" name="test_min_revision_two_returns_empty" time="0.140" /><testcase classname="tests.test_iter25_revision_filter.TestRevisionFilter" name="test_min_revision_negative_returns_422" time="0.186" /></testsuite></testsuites>