<?xml version="1.0" encoding="utf-8"?><testsuites name="pytest tests"><testsuite name="pytest" errors="0" failures="0" skipped="0" tests="5" time="3.805" timestamp="2026-09-19T08:32:21.804456+00:00" hostname="agent-env-3fa3afb2-aa1d-4b7a-a40b-bac57abecdd1"><testcase classname="tests.test_iter45_special_orders" name="test_create_od_labdip" time="0.728" /><testcase classname="tests.test_iter45_special_orders" name="test_od_reference_upload_and_fetch" time="0.265" /><testcase classname="tests.test_iter45_special_orders" name="test_approve_labdip_routes_to_sample" time="1.265" /><testcase classname="tests.test_iter45_special_orders" name="test_create_od_printing_routes_to_design" time="1.128" /><testcase classname="tests.test_iter45_special_orders" name="test_reroute_idempotent" time="0.344" /></testsuite></testsuites>