<?xml version="1.0" encoding="utf-8"?><testsuites name="pytest tests"><testsuite name="pytest" errors="0" failures="0" skipped="1" tests="10" time="6.138" timestamp="2026-09-18T14:15:42.552685+00:00" hostname="agent-env-287adfe8-5193-446b-99b0-b0a8bdcebda6"><testcase classname="tests.test_iter319_dsr_studio_sync" name="test_meta_categories" time="1.221" /><testcase classname="tests.test_iter319_dsr_studio_sync" name="test_create_with_new_categories" time="0.156" /><testcase classname="tests.test_iter319_dsr_studio_sync" name="test_create_with_invalid_category" time="0.142" /><testcase classname="tests.test_iter319_dsr_studio_sync" name="test_create_design_forbidden_for_other_designer" time="0.783"><skipped type="pytest.skip" message="Cannot fabricate foreign-designer request; skipping forbidden case">/app/backend/tests/test_iter319_dsr_studio_sync.py:124: Cannot fabricate foreign-designer request; skipping forbidden case</skipped></testcase><testcase classname="tests.test_iter319_dsr_studio_sync" name="test_upload_and_submit_triggers_delivered" time="0.794" /><testcase classname="tests.test_iter319_dsr_studio_sync" name="test_admin_approve_reject_blocked_when_studio_linked" time="0.306" /><testcase classname="tests.test_iter319_dsr_studio_sync" name="test_sync_revision_then_approve" time="1.026" /><testcase classname="tests.test_iter319_dsr_studio_sync" name="test_link_design_happy_path" time="0.419" /><testcase classname="tests.test_iter319_dsr_studio_sync" name="test_link_design_already_linked" time="0.748" /><testcase classname="tests.test_iter319_dsr_studio_sync" name="test_list_has_designs_and_studio_linked" time="0.127" /></testsuite></testsuites>