<?xml version="1.0" encoding="utf-8"?><testsuites name="pytest tests"><testsuite name="pytest" errors="0" failures="0" skipped="0" tests="14" time="5.704" timestamp="2026-09-18T17:09:42.021343+00:00" hostname="agent-env-ee00684e-a782-48d4-8914-aedb1a158821"><testcase classname="tests.test_access_roles_iter32" name="test_modules_catalog" time="0.614" /><testcase classname="tests.test_access_roles_iter32" name="test_roles_list_builtin_and_custom" time="0.216" /><testcase classname="tests.test_access_roles_iter32" name="test_non_admin_forbidden" time="0.526" /><testcase classname="tests.test_access_roles_iter32" name="test_create_role_fields" time="0.136" /><testcase classname="tests.test_access_roles_iter32" name="test_create_role_shows_in_roles_endpoint" time="0.151" /><testcase classname="tests.test_access_roles_iter32" name="test_create_label_conflict" time="0.141" /><testcase classname="tests.test_access_roles_iter32" name="test_create_label_too_short" time="0.151" /><testcase classname="tests.test_access_roles_iter32" name="test_create_base_role_admin_blocked" time="0.149" /><testcase classname="tests.test_access_roles_iter32" name="test_patch_custom_role" time="0.205" /><testcase classname="tests.test_access_roles_iter32" name="test_patch_admin_forbidden" time="0.164" /><testcase classname="tests.test_access_roles_iter32" name="test_patch_builtin_label_forbidden" time="0.178" /><testcase classname="tests.test_access_roles_iter32" name="test_patch_and_reset_builtin_sales" time="0.639" /><testcase classname="tests.test_access_roles_iter32" name="test_delete_custom_role_when_in_use" time="1.211" /><testcase classname="tests.test_access_roles_iter32" name="test_login_custom_role_penagihan" time="0.827" /></testsuite></testsuites>