<?xml version="1.0" encoding="utf-8"?><testsuites name="pytest tests"><testsuite name="pytest" errors="0" failures="0" skipped="0" tests="8" time="4.449" timestamp="2026-09-18T18:19:07.874690+00:00" hostname="agent-env-c9547327-d640-4b5c-bdf0-c0a82a7dcbba"><testcase classname="tests.test_role_editor_iter35" name="test_admin_get_role_cr_staf_penagihan_accounts" time="0.616" /><testcase classname="tests.test_role_editor_iter35" name="test_wakilmanajer_internal_requests_meta" time="0.598" /><testcase classname="tests.test_role_editor_iter35" name="test_wakilmanajer_rnd_designer_kpi_ok" time="0.535" /><testcase classname="tests.test_role_editor_iter35" name="test_wakilmanajer_rnd_divisions_ok" time="0.541" /><testcase classname="tests.test_role_editor_iter35" name="test_wakilmanajer_design_requests_full_view" time="0.517" /><testcase classname="tests.test_role_editor_iter35" name="test_sales_rnd_kpi_forbidden" time="0.564" /><testcase classname="tests.test_role_editor_iter35" name="test_manager_internal_meta_can_decide" time="0.496" /><testcase classname="tests.test_role_editor_iter35" name="test_sales_internal_meta_cannot_decide" time="0.504" /></testsuite></testsuites>