<?xml version="1.0" encoding="utf-8"?><testsuites name="pytest tests"><testsuite name="pytest" errors="0" failures="0" skipped="0" tests="4" time="1.501" timestamp="2026-09-17T13:00:26.667316+00:00" hostname="agent-env-27051e57-95dc-4cef-8d20-54aa88e3f3a6"><testcase classname="tests.test_revision_indicators_iter24" name="test_design_requests_expose_revision_count" time="0.552" /><testcase classname="tests.test_revision_indicators_iter24" name="test_design_request_detail_has_history" time="0.231" /><testcase classname="tests.test_revision_indicators_iter24" name="test_rnd_samples_list_ok" time="0.226" /><testcase classname="tests.test_revision_indicators_iter24" name="test_md_desk_revision_count_only_for_desain_and_sample" time="0.179" /></testsuite></testsuites>