<?xml version="1.0" encoding="utf-8"?><testsuites name="pytest tests"><testsuite name="pytest" errors="0" failures="0" skipped="1" tests="6" time="4.881" timestamp="2026-09-18T14:33:38.103168+00:00" hostname="agent-env-287adfe8-5193-446b-99b0-b0a8bdcebda6"><testcase classname="tests.test_iter320_dsr_references" name="test_admin_upload_references_and_get" time="1.368" /><testcase classname="tests.test_iter320_dsr_references" name="test_designer_rbac_and_bad_type" time="0.901" /><testcase classname="tests.test_iter320_dsr_references" name="test_designer_get_reference_foreign_request_403" time="0.300"><skipped type="pytest.skip" message="cannot create foreign request: 400 {&quot;detail&quot;:&quot;Desainer itu tidak dikenal. Pilih dari daftar desainer (akun ber-peran Desainer atau nama pada divisi desain">/app/backend/tests/test_iter320_dsr_references.py:165: cannot create foreign request: 400 {"detail":"Desainer itu tidak dikenal. Pilih dari daftar desainer (akun ber-peran Desainer atau nama pada divisi desain</skipped></testcase><testcase classname="tests.test_iter320_dsr_references" name="test_designer_create_design_copies_refs" time="0.442" /><testcase classname="tests.test_iter320_dsr_references" name="test_propagation_after_link_and_idempotent" time="0.940" /><testcase classname="tests.test_iter320_dsr_references" name="test_link_design_copies_references" time="0.835" /></testsuite></testsuites>