<?xml version="1.0" encoding="utf-8"?><testsuites name="pytest tests"><testsuite name="pytest" errors="0" failures="1" skipped="0" tests="18" time="4.538" timestamp="2026-09-19T12:47:40.188886+00:00" hostname="agent-env-3fa3afb2-aa1d-4b7a-a40b-bac57abecdd1"><testcase classname="tests.test_iter47_special_orders_phase3.TestBaselineSord" name="test_baseline" time="0.780" /><testcase classname="tests.test_iter47_special_orders_phase3.TestNewODFullFlow" name="test_01_create_and_submit" time="0.750" /><testcase classname="tests.test_iter47_special_orders_phase3.TestBaselineSord" name="test_baseline_so_uses_locked_price" time="0.473" /><testcase classname="tests.test_iter47_special_orders_phase3.TestNewODFullFlow" name="test_02_manager_approve" time="0.638" /><testcase classname="tests.test_iter47_special_orders_phase3.TestBaselineSord" name="test_baseline_po_items" time="0.126" /><testcase classname="tests.test_iter47_special_orders_phase3.TestNewODFullFlow" name="test_03_send_supplier" time="0.502" /><testcase classname="tests.test_iter47_special_orders_phase3.TestPrintingCategoryFallback" name="test_fallback_first_active" time="1.102" /><testcase classname="tests.test_iter47_special_orders_phase3.TestNewODFullFlow" name="test_04_upload_submit_assess" time="0.395" /><testcase classname="tests.test_iter47_special_orders_phase3.TestNewODFullFlow" name="test_05_decide_by_admin" time="0.358" /><testcase classname="tests.test_iter47_special_orders_phase3.TestPrintingCategoryFallback" name="test_explicit_categories" time="0.565" /><testcase classname="tests.test_iter47_special_orders_phase3.TestNewODFullFlow" name="test_06_customer_decision_acc" time="0.275" /><testcase classname="tests.test_iter47_special_orders_phase3.TestNewODFullFlow" name="test_07_get_warehouse" time="0.133" /><testcase classname="tests.test_iter47_special_orders_phase3.TestNewODFullFlow" name="test_08_lock_price_auto_po" time="0.312" /><testcase classname="tests.test_iter47_special_orders_phase3.TestNewODFullFlow" name="test_09_verify_po" time="0.120"><failure message="AssertionError: PO price 38000.0 != winner contract 40000 — auto_procure picked wrong contract (contract_id=sct_cca08c38736a, contract_number=KSC/SCT-00025). Expected the SCT- created by /decide (approve_spec+price=40000).&#10;assert 38000.0 == 40000.0">E   AssertionError: PO price 38000.0 != winner contract 40000 — auto_procure picked wrong contract (contract_id=sct_cca08c38736a, contract_number=KSC/SCT-00025). Expected the SCT- created by /decide (approve_spec+price=40000).
    assert 38000.0 == 40000.0</failure></testcase><testcase classname="tests.test_iter47_special_orders_phase3.TestNewODFullFlow" name="test_10_product_lifecycle_exclusive" time="0.156" /><testcase classname="tests.test_iter47_special_orders_phase3.TestNewODFullFlow" name="test_11_unlock_price_400" time="0.143" /><testcase classname="tests.test_iter47_special_orders_phase3.TestNewODFullFlow" name="test_12_convert_to_so" time="0.252" /><testcase classname="tests.test_iter47_special_orders_phase3.TestNewODFullFlow" name="test_13_reconvert_400" time="0.124" /></testsuite></testsuites>