<?xml version="1.0" encoding="utf-8"?><testsuites name="pytest tests"><testsuite name="pytest" errors="0" failures="0" skipped="0" tests="3" time="3.906" timestamp="2026-09-11T08:44:02.173399+00:00" hostname="agent-env-df831ef8-3b3e-4189-aade-830f010f292b"><testcase classname="tests.test_pricing_approval_toggle_iter34" name="test_toggle_approval_mode[coupons-SIPRO2026]" time="2.451" /><testcase classname="tests.test_pricing_approval_toggle_iter34" name="test_toggle_approval_mode[promos-PROMO-LAUNCH]" time="0.435" /><testcase classname="tests.test_pricing_approval_toggle_iter34" name="test_get_coupons_has_approval_mode" time="0.583" /></testsuite></testsuites>