<?xml version="1.0" encoding="utf-8"?><testsuites name="pytest tests"><testsuite name="pytest" errors="0" failures="0" skipped="0" tests="3" time="5.911" timestamp="2026-09-10T13:31:06.821095+00:00" hostname="agent-env-1fc85526-dd68-4d66-a75f-9c9276e84adc"><testcase classname="tests.test_p101_iter28.TestFundRequests" name="test_full_flow" time="3.753" /><testcase classname="tests.test_p101_iter28.TestDealCancel" name="test_preview_unpaid_and_admin_cancel_paid" time="3.808" /><testcase classname="tests.test_p101_iter28.TestDealCancel" name="test_sales_cancel_unpaid_own" time="1.718" /></testsuite></testsuites>