<?xml version="1.0" encoding="utf-8"?><testsuites name="pytest tests"><testsuite name="pytest" errors="0" failures="0" skipped="0" tests="16" time="5.367" timestamp="2026-09-20T13:07:59.624360+00:00" hostname="agent-env-3fa3afb2-aa1d-4b7a-a40b-bac57abecdd1"><testcase classname="tests.test_iter51_marketing_ext" name="test_account_dup_handle_case_insensitive_400" time="0.707" /><testcase classname="tests.test_iter51_marketing_ext" name="test_account_unknown_platform_400" time="0.141" /><testcase classname="tests.test_iter51_marketing_ext" name="test_account_patch_label_followers" time="0.125" /><testcase classname="tests.test_iter51_marketing_ext" name="test_account_list_has_entity_name_and_posts_total" time="0.140" /><testcase classname="tests.test_iter51_marketing_ext" name="test_account_list_entity_all_admin" time="0.123" /><testcase classname="tests.test_iter51_marketing_ext" name="test_post_with_matching_tt_account_ok" time="0.264" /><testcase classname="tests.test_iter51_marketing_ext" name="test_post_account_platform_mismatch_400" time="0.263" /><testcase classname="tests.test_iter51_marketing_ext" name="test_post_cross_entity_account_400" time="0.784" /><testcase classname="tests.test_iter51_marketing_ext" name="test_posts_scoped_to_active_entity" time="0.279" /><testcase classname="tests.test_iter51_marketing_ext" name="test_posts_entity_all_admin_multi" time="0.136" /><testcase classname="tests.test_iter51_marketing_ext" name="test_posts_entity_kanda_from_ksc_admin" time="0.123" /><testcase classname="tests.test_iter51_marketing_ext" name="test_posts_entity_kanda_from_sales_forbidden" time="0.514" /><testcase classname="tests.test_iter51_marketing_ext" name="test_dashboard_shape_all" time="0.126" /><testcase classname="tests.test_iter51_marketing_ext" name="test_dashboard_month_empty_no_error" time="0.119" /><testcase classname="tests.test_iter51_marketing_ext" name="test_calendar_pdf_all_entities" time="0.814" /><testcase classname="tests.test_iter51_marketing_ext" name="test_calendar_pdf_single_entity" time="0.269" /></testsuite></testsuites>