<?xml version="1.0" encoding="utf-8"?><testsuites name="pytest tests"><testsuite name="pytest" errors="0" failures="0" skipped="0" tests="3" time="2.108" timestamp="2026-09-18T18:30:49.810177+00:00" hostname="agent-env-c9547327-d640-4b5c-bdf0-c0a82a7dcbba"><testcase classname="tests.test_role_editor_iter36" name="test_wakilmanajer_home_manager_200" time="0.809" /><testcase classname="tests.test_role_editor_iter36" name="test_manager_home_manager_200" time="0.675" /><testcase classname="tests.test_role_editor_iter36" name="test_sales_home_manager_403" time="0.559" /></testsuite></testsuites>