<?xml version="1.0" encoding="utf-8"?><testsuites name="pytest tests"><testsuite name="pytest" errors="0" failures="0" skipped="0" tests="9" time="1.993" timestamp="2026-09-18T19:08:48.608745+00:00" hostname="agent-env-c9547327-d640-4b5c-bdf0-c0a82a7dcbba"><testcase classname="tests.test_role_editor_iter38.TestPreviewPermissions" name="test_preview_permissions_ok" time="0.770" /><testcase classname="tests.test_role_editor_iter38.TestPreviewPermissions" name="test_preview_permissions_invalid_action_400" time="0.162" /><testcase classname="tests.test_role_editor_iter38.TestSavePermissions" name="test_create_with_permissions" time="0.973" /><testcase classname="tests.test_role_editor_iter38.TestPreviewPermissions" name="test_preview_permissions_unknown_resource_400" time="0.152" /><testcase classname="tests.test_role_editor_iter38.TestSavePermissions" name="test_patch_autoinject_view" time="0.156" /><testcase classname="tests.test_role_editor_iter38.TestModulesMeta" name="test_modules_has_labels_and_actions" time="0.132" /><testcase classname="tests.test_role_editor_iter38.TestSavePermissions" name="test_patch_legacy_levels_still_works" time="0.143" /><testcase classname="tests.test_role_editor_iter38.TestRegressionManager" name="test_manager_order_matches_defaults" time="0.162" /><testcase classname="tests.test_role_editor_iter38.TestSavePermissions" name="test_patch_empty_permissions_clears_all" time="0.375" /></testsuite></testsuites>