<?xml version="1.0" encoding="utf-8"?><testsuites name="pytest tests"><testsuite name="pytest" errors="0" failures="0" skipped="0" tests="5" time="3.662" timestamp="2026-09-11T08:17:51.076930+00:00" hostname="agent-env-df831ef8-3b3e-4189-aade-830f010f292b"><testcase classname="tests.test_kpr_bank_summary_iter33.TestCostInvoice" name="test_sales_forbidden" time="0.834" /><testcase classname="tests.test_kpr_bank_summary_iter33.TestKprDisbursementSummary" name="test_forbidden_for_site_engineer" time="0.884" /><testcase classname="tests.test_kpr_bank_summary_iter33.TestKprDisbursementSummary" name="test_finance_can_access" time="0.921" /><testcase classname="tests.test_kpr_bank_summary_iter33.TestCostInvoice" name="test_issue_or_conflict_then_ledger_and_pdf" time="2.445" /><testcase classname="tests.test_kpr_bank_summary_iter33.TestKprDisbursementSummary" name="test_shape_and_consistency" time="1.032" /></testsuite></testsuites>