<?xml version="1.0" encoding="utf-8"?><testsuites name="pytest tests"><testsuite name="pytest" errors="0" failures="1" skipped="0" tests="10" time="5.037" timestamp="2026-09-18T17:24:24.161689+00:00" hostname="agent-env-ee00684e-a782-48d4-8914-aedb1a158821"><testcase classname="tests.test_notifications_iter33" name="test_penagihan_sees_BCDE_not_A" time="1.558" /><testcase classname="tests.test_notifications_iter33" name="test_sales_sees_only_D" time="0.158" /><testcase classname="tests.test_notifications_iter33" name="test_admin_sees_ABCD_not_E" time="0.134"><failure message="AssertionError: admin should see A&#10;assert 'qa_4497066d67' in {'ntf_a7dbdadf5756', 'ntf_f19a6e99c026', 'ntf_fa85ea2ec09f', 'qa_4e4808fbee', 'qa_edd570a5aa'}">backend/tests/test_notifications_iter33.py:96: in test_admin_sees_ABCD_not_E
    assert ids[k] in got, f"admin should see {k}"
E   AssertionError: admin should see A
E   assert 'qa_4497066d67' in {'ntf_a7dbdadf5756', 'ntf_f19a6e99c026', 'ntf_fa85ea2ec09f', 'qa_4e4808fbee', 'qa_edd570a5aa'}</failure></testcase><testcase classname="tests.test_notifications_iter33" name="test_unread_count_consistent" time="0.318" /><testcase classname="tests.test_notifications_iter33" name="test_role_level_change_gates_notifications" time="0.849" /><testcase classname="tests.test_notifications_iter33" name="test_turn_alerts_finance" time="0.147" /><testcase classname="tests.test_notifications_iter33" name="test_turn_alerts_warehouse" time="0.134" /><testcase classname="tests.test_notifications_iter33" name="test_turn_alerts_cr_staf_penagihan" time="0.152" /><testcase classname="tests.test_notifications_iter33" name="test_turn_roles_python" time="0.888" /><testcase classname="tests.test_notifications_iter33" name="test_read_endpoints_regression" time="0.513" /></testsuite></testsuites>