<?xml version="1.0" encoding="utf-8"?><testsuites name="pytest tests"><testsuite name="pytest" errors="0" failures="0" skipped="2" tests="16" time="5.389" timestamp="2026-09-18T20:06:37.605866+00:00" hostname="agent-env-e73305ca-bda0-48db-b1af-4632a430216a"><testcase classname="tests.test_iter39_design_hold_proofing.TestPermissions" name="test_admin_has_rnd_hold" time="0.509" /><testcase classname="tests.test_iter39_design_hold_proofing.TestPermissions" name="test_designer_no_rnd_hold" time="0.389" /><testcase classname="tests.test_iter39_design_hold_proofing.TestGalleryList" name="test_gallery_shape_and_specific_items" time="0.589" /><testcase classname="tests.test_iter39_design_hold_proofing.TestGalleryList" name="test_gallery_filter_on_hold" time="0.161" /><testcase classname="tests.test_iter39_design_hold_proofing.TestHoldLifecycle" name="test_hold_already_held_returns_400" time="0.234" /><testcase classname="tests.test_iter39_design_hold_proofing.TestHoldLifecycle" name="test_release_then_rehold_roundtrip" time="0.614" /><testcase classname="tests.test_iter39_design_hold_proofing.TestHoldLifecycle" name="test_designer_hold_forbidden" time="0.569" /><testcase classname="tests.test_iter39_design_hold_proofing.TestHoldLifecycle" name="test_hold_on_draft_400" time="0.159" /><testcase classname="tests.test_iter39_design_hold_proofing.TestSampleAgainstHold" name="test_proofing_rejected" time="0.198" /><testcase classname="tests.test_iter39_design_hold_proofing.TestSampleAgainstHold" name="test_labdip_allowed_then_cancel" time="0.349" /><testcase classname="tests.test_iter39_design_hold_proofing.TestLegacyScoreRemoved" name="test_versions_score_endpoint_removed" time="0.186" /><testcase classname="tests.test_iter39_design_hold_proofing.TestScoreOnlyOnAcc" name="test_request_revision_ignores_score" time="0.310"><skipped type="pytest.skip" message="no pending_approval design available">/app/backend/tests/test_iter39_design_hold_proofing.py:242: no pending_approval design available</skipped></testcase><testcase classname="tests.test_iter39_design_hold_proofing.TestScoreOnlyOnAcc" name="test_approve_without_score_400" time="0.330" /><testcase classname="tests.test_iter39_design_hold_proofing.TestHistoryAndFiles" name="test_update_story_produces_timeline_diff" time="0.161" /><testcase classname="tests.test_iter39_design_hold_proofing.TestHistoryAndFiles" name="test_file_upload_and_delete" time="0.162"><skipped type="pytest.skip" message="file upload not supported for reference kind: 400 {&quot;detail&quot;:&quot;Tipe file tidak didukung. Hanya JPG, PNG, WEBP, GIF, atau PDF.&quot;}">/app/backend/tests/test_iter39_design_hold_proofing.py:300: file upload not supported for reference kind: 400 {"detail":"Tipe file tidak didukung. Hanya JPG, PNG, WEBP, GIF, atau PDF."}</skipped></testcase><testcase classname="tests.test_iter39_design_hold_proofing.TestHistoryAndFiles" name="test_history_endpoint_shape_and_kind_filter" time="0.372" /></testsuite></testsuites>