<?xml version="1.0" encoding="utf-8"?><testsuites name="pytest tests"><testsuite name="pytest" errors="0" failures="0" skipped="0" tests="30" time="8.232" timestamp="2026-09-19T17:18:47.244971+00:00" hostname="agent-env-3fa3afb2-aa1d-4b7a-a40b-bac57abecdd1"><testcase classname="tests.test_iter50_marketing" name="test_meta_admin_shape" time="0.609" /><testcase classname="tests.test_iter50_marketing" name="test_meta_warehouse_forbidden" time="0.523" /><testcase classname="tests.test_iter50_marketing" name="test_campaign_created_ok" time="0.173" /><testcase classname="tests.test_iter50_marketing" name="test_campaign_end_before_start_400" time="0.191" /><testcase classname="tests.test_iter50_marketing" name="test_campaign_empty_name_400" time="0.147" /><testcase classname="tests.test_iter50_marketing" name="test_campaign_list_has_counts" time="0.163" /><testcase classname="tests.test_iter50_marketing" name="test_post_missing_platforms_400" time="0.153" /><testcase classname="tests.test_iter50_marketing" name="test_campaign_rename_propagates" time="0.394" /><testcase classname="tests.test_iter50_marketing" name="test_transition_idea_to_review_400" time="0.154" /><testcase classname="tests.test_iter50_marketing" name="test_transition_idea_draft" time="0.132" /><testcase classname="tests.test_iter50_marketing" name="test_transition_draft_review_no_caption_400" time="0.300" /><testcase classname="tests.test_iter50_marketing" name="test_transition_draft_review_ok" time="0.319" /><testcase classname="tests.test_iter50_marketing" name="test_approve_by_sales_forbidden" time="0.467" /><testcase classname="tests.test_iter50_marketing" name="test_approve_by_manager_ok" time="0.519" /><testcase classname="tests.test_iter50_marketing" name="test_scheduled_without_pic_400" time="0.167" /><testcase classname="tests.test_iter50_marketing" name="test_approved_to_draft_without_note_400" time="0.132" /><testcase classname="tests.test_iter50_marketing" name="test_set_pic_then_scheduled" time="0.463" /><testcase classname="tests.test_iter50_marketing" name="test_scheduled_to_published" time="0.142" /><testcase classname="tests.test_iter50_marketing" name="test_metrics_negative_400" time="0.124" /><testcase classname="tests.test_iter50_marketing" name="test_metrics_ok" time="0.148" /><testcase classname="tests.test_iter50_marketing" name="test_edit_caption_on_published_400" time="0.153" /><testcase classname="tests.test_iter50_marketing" name="test_delete_published_400" time="0.123" /><testcase classname="tests.test_iter50_marketing" name="test_metrics_on_non_published_400" time="0.417" /><testcase classname="tests.test_iter50_marketing" name="test_delete_draft_ok" time="0.290" /><testcase classname="tests.test_iter50_marketing" name="test_attachment_lifecycle" time="0.673" /><testcase classname="tests.test_iter50_marketing" name="test_list_posts_month_includes_uji" time="0.133" /><testcase classname="tests.test_iter50_marketing" name="test_list_filter_platform_status" time="0.144" /><testcase classname="tests.test_iter50_marketing" name="test_assets_keys" time="0.147" /><testcase classname="tests.test_iter50_marketing" name="test_analytics_sep_2026" time="0.129" /><testcase classname="tests.test_iter50_marketing" name="test_analytics_campaign_filter" time="0.143" /></testsuite></testsuites>