<?xml version="1.0" encoding="utf-8"?><testsuites name="pytest tests"><testsuite name="pytest" errors="0" failures="1" skipped="1" tests="40" time="6.692" timestamp="2026-09-21T10:02:19.195780+00:00" hostname="agent-env-3ffd0fef-c9e9-40a8-83a4-33fc1db878f8"><testcase classname="tests.test_kn_audit_2026_09_21_extended" name="test_kn_a01_gl_void_cross_entity" time="0.609" /><testcase classname="tests.test_kn_audit_2026_09_21_extended" name="test_kn_a03_cash_void_cross_entity" time="0.138" /><testcase classname="tests.test_kn_audit_2026_09_21_extended" name="test_kn_a04_vendor_bill_actions_cross_entity[pay-payload0]" time="0.135" /><testcase classname="tests.test_kn_audit_2026_09_21_extended" name="test_kn_a04_vendor_bill_actions_cross_entity[submit-payload1]" time="0.133" /><testcase classname="tests.test_kn_audit_2026_09_21_extended" name="test_kn_a04_vendor_bill_actions_cross_entity[approve-payload2]" time="0.137" /><testcase classname="tests.test_kn_audit_2026_09_21_extended" name="test_kn_a04_vendor_bill_actions_cross_entity[reject-payload3]" time="0.134" /><testcase classname="tests.test_kn_audit_2026_09_21_extended" name="test_kn_a04_vendor_bill_actions_cross_entity[cancel-payload4]" time="0.143" /><testcase classname="tests.test_kn_audit_2026_09_21_extended" name="test_kn_a02_cycle_count_cross_entity" time="0.005"><skipped type="pytest.skip" message="tidak ada warehouse KSC demo">/app/backend/tests/test_kn_audit_2026_09_21_extended.py:124: tidak ada warehouse KSC demo</skipped></testcase><testcase classname="tests.test_kn_audit_2026_09_21_extended" name="test_kn_a06_purchase_return_list_scoped" time="0.067" /><testcase classname="tests.test_kn_audit_2026_09_21_extended" name="test_kn_a05_purchase_return_actions_cross_entity[submit]" time="0.136" /><testcase classname="tests.test_kn_audit_2026_09_21_extended" name="test_kn_a05_purchase_return_actions_cross_entity[approve]" time="0.140" /><testcase classname="tests.test_kn_audit_2026_09_21_extended" name="test_kn_a05_purchase_return_actions_cross_entity[reject]" time="0.135" /><testcase classname="tests.test_kn_audit_2026_09_21_extended" name="test_kn_b29_ar_receipt_create_fake_entity" time="0.065" /><testcase classname="tests.test_kn_audit_2026_09_21_extended" name="test_kn_b29_ar_receipt_void_cross_entity" time="0.132" /><testcase classname="tests.test_kn_audit_2026_09_21_extended" name="test_kn_b30_payroll_actions_cross_entity[submit]" time="0.136" /><testcase classname="tests.test_kn_audit_2026_09_21_extended" name="test_kn_b30_payroll_actions_cross_entity[approve]" time="0.135" /><testcase classname="tests.test_kn_audit_2026_09_21_extended" name="test_kn_b30_payroll_actions_cross_entity[reject]" time="0.139" /><testcase classname="tests.test_kn_audit_2026_09_21_extended" name="test_kn_b30_payroll_actions_cross_entity[post-gl]" time="0.138" /><testcase classname="tests.test_kn_audit_2026_09_21_extended" name="test_kn_b30_payroll_actions_cross_entity[pay]" time="0.140" /><testcase classname="tests.test_kn_audit_2026_09_21_extended" name="test_kn_b31_interco_guard" time="0.131" /><testcase classname="tests.test_kn_audit_2026_09_21_extended" name="test_kn_b32_fixed_asset_dispose_cross_entity" time="0.136" /><testcase classname="tests.test_kn_audit_2026_09_21_extended" name="test_kn_b33_landed_cost_actions_cross_entity[approve-payload0]" time="0.129" /><testcase classname="tests.test_kn_audit_2026_09_21_extended" name="test_kn_b33_landed_cost_actions_cross_entity[pay-payload1]" time="0.135" /><testcase classname="tests.test_kn_audit_2026_09_21_extended" name="test_kn_b33_landed_cost_actions_cross_entity[cancel-payload2]" time="0.133" /><testcase classname="tests.test_kn_audit_2026_09_21_extended" name="test_kn_b34_bank_account_patch_cross_entity" time="0.144" /><testcase classname="tests.test_kn_audit_2026_09_21_extended" name="test_kn_c01_inbound_escalate_bad_status" time="0.098" /><testcase classname="tests.test_kn_audit_2026_09_21_extended" name="test_kn_c01_inbound_resolve_escalation_bad_status" time="0.067" /><testcase classname="tests.test_kn_audit_2026_09_21_extended" name="test_kn_c02_outbound_escalate_bad_status" time="0.071" /><testcase classname="tests.test_kn_audit_2026_09_21_extended" name="test_kn_b15_po_duplicate_product_line" time="0.065"><failure message="AssertionError: duplikat lolos: 422 {&quot;detail&quot;:[{&quot;type&quot;:&quot;missing&quot;,&quot;loc&quot;:[&quot;body&quot;,&quot;warehouse_id&quot;],&quot;msg&quot;:&quot;Field required&quot;,&quot;input&quot;:{&quot;supplier_id&quot;:&quot;sup_e69544dd2d89&quot;,&quot;lines&quot;:[{&quot;product_id&quot;:&quot;prod_batik_mega&quot;,&quot;quantity&quot;:1,&quot;unit_price&quot;:1000,&quot;uom&#10;assert 422 == 400&#10; +  where 422 = &lt;Response [422]&gt;.status_code">tests/test_kn_audit_2026_09_21_extended.py:288: in test_kn_b15_po_duplicate_product_line
    assert r.status_code == 400, f"duplikat lolos: {r.status_code} {r.text[:200]}"
E   AssertionError: duplikat lolos: 422 {"detail":[{"type":"missing","loc":["body","warehouse_id"],"msg":"Field required","input":{"supplier_id":"sup_e69544dd2d89","lines":[{"product_id":"prod_batik_mega","quantity":1,"unit_price":1000,"uom
E   assert 422 == 400
E    +  where 422 = &lt;Response [422]&gt;.status_code</failure></testcase><testcase classname="tests.test_kn_audit_2026_09_21_extended" name="test_kn_a12_sales_orders_unique_number" time="0.004" /><testcase classname="tests.test_kn_audit_2026_09_21_extended" name="test_kn_a12_journal_entries_unique_source" time="0.002" /><testcase classname="tests.test_kn_audit_2026_09_21_extended" name="test_kn_d02_so_approve_rejected_returns_409" time="0.071" /><testcase classname="tests.test_kn_audit_2026_09_21_extended" name="test_kn_d05_po_approve_cas_parallel" time="0.933" /><testcase classname="tests.test_kn_audit_2026_09_21_extended" name="test_kn_c03_c05_shared_constants" time="0.293" /><testcase classname="tests.test_kn_audit_2026_09_21_extended" name="test_regression_read_endpoints_ok[dashboard]" time="0.105" /><testcase classname="tests.test_kn_audit_2026_09_21_extended" name="test_regression_read_endpoints_ok[gl/trial-balance]" time="0.072" /><testcase classname="tests.test_kn_audit_2026_09_21_extended" name="test_regression_read_endpoints_ok[vendor-bills]" time="0.066" /><testcase classname="tests.test_kn_audit_2026_09_21_extended" name="test_regression_read_endpoints_ok[purchase-returns]" time="0.064" /><testcase classname="tests.test_kn_audit_2026_09_21_extended" name="test_regression_read_endpoints_ok[desks/me]" time="0.080" /><testcase classname="tests.test_kn_audit_2026_09_21_extended" name="test_regression_inventory_endpoint" time="0.074" /></testsuite></testsuites>