<?xml version="1.0" encoding="utf-8"?><testsuites name="pytest tests"><testsuite name="pytest" errors="0" failures="0" skipped="2" tests="47" time="7.961" timestamp="2026-09-21T10:03:17.517779+00:00" hostname="agent-env-3ffd0fef-c9e9-40a8-83a4-33fc1db878f8"><testcase classname="tests.test_kn_audit_2026_09_21" name="test_sample_order_isolated_by_active_entity" time="0.689"><skipped type="pytest.skip" message="tidak ada pesanan sampel demo">/app/backend/tests/test_kn_audit_2026_09_21.py:47: tidak ada pesanan sampel demo</skipped></testcase><testcase classname="tests.test_kn_audit_2026_09_21_extended" name="test_kn_a01_gl_void_cross_entity" time="0.808" /><testcase classname="tests.test_kn_audit_2026_09_21" name="test_gl_void_cross_entity_denied" time="0.529" /><testcase classname="tests.test_kn_audit_2026_09_21_extended" name="test_kn_a03_cash_void_cross_entity" time="0.334" /><testcase classname="tests.test_kn_audit_2026_09_21_extended" name="test_kn_a04_vendor_bill_actions_cross_entity[pay-payload0]" time="0.155" /><testcase classname="tests.test_kn_audit_2026_09_21" name="test_cash_void_cross_entity_denied" time="0.541" /><testcase classname="tests.test_kn_audit_2026_09_21_extended" name="test_kn_a04_vendor_bill_actions_cross_entity[submit-payload1]" time="0.403" /><testcase classname="tests.test_kn_audit_2026_09_21_extended" name="test_kn_a04_vendor_bill_actions_cross_entity[approve-payload2]" time="0.154" /><testcase classname="tests.test_kn_audit_2026_09_21" name="test_vendor_bill_pay_cross_entity_denied" time="0.558" /><testcase classname="tests.test_kn_audit_2026_09_21_extended" name="test_kn_a04_vendor_bill_actions_cross_entity[reject-payload3]" time="0.415" /><testcase classname="tests.test_kn_audit_2026_09_21_extended" name="test_kn_a04_vendor_bill_actions_cross_entity[cancel-payload4]" time="0.155" /><testcase classname="tests.test_kn_audit_2026_09_21" name="test_purchase_return_list_scoped" time="0.438" /><testcase classname="tests.test_kn_audit_2026_09_21_extended" name="test_kn_a02_cycle_count_cross_entity" time="0.006"><skipped type="pytest.skip" message="tidak ada warehouse KSC demo">/app/backend/tests/test_kn_audit_2026_09_21_extended.py:124: tidak ada warehouse KSC demo</skipped></testcase><testcase classname="tests.test_kn_audit_2026_09_21_extended" name="test_kn_a06_purchase_return_list_scoped" time="0.266" /><testcase classname="tests.test_kn_audit_2026_09_21_extended" name="test_kn_a05_purchase_return_actions_cross_entity[submit]" time="0.145" /><testcase classname="tests.test_kn_audit_2026_09_21" name="test_rfid_green_lists_identical" time="0.184" /><testcase classname="tests.test_kn_audit_2026_09_21_extended" name="test_kn_a05_purchase_return_actions_cross_entity[approve]" time="0.141" /><testcase classname="tests.test_kn_audit_2026_09_21" name="test_shared_status_constants" time="0.091" /><testcase classname="tests.test_kn_audit_2026_09_21_extended" name="test_kn_a05_purchase_return_actions_cross_entity[reject]" time="0.143" /><testcase classname="tests.test_kn_audit_2026_09_21_extended" name="test_kn_b29_ar_receipt_create_fake_entity" time="0.066" /><testcase classname="tests.test_kn_audit_2026_09_21_extended" name="test_kn_b29_ar_receipt_void_cross_entity" time="0.151" /><testcase classname="tests.test_kn_audit_2026_09_21_extended" name="test_kn_b30_payroll_actions_cross_entity[submit]" time="0.151" /><testcase classname="tests.test_kn_audit_2026_09_21_extended" name="test_kn_b30_payroll_actions_cross_entity[approve]" time="0.172" /><testcase classname="tests.test_kn_audit_2026_09_21_extended" name="test_kn_b30_payroll_actions_cross_entity[reject]" time="0.152" /><testcase classname="tests.test_kn_audit_2026_09_21_extended" name="test_kn_b30_payroll_actions_cross_entity[post-gl]" time="0.143" /><testcase classname="tests.test_kn_audit_2026_09_21_extended" name="test_kn_b30_payroll_actions_cross_entity[pay]" time="0.147" /><testcase classname="tests.test_kn_audit_2026_09_21_extended" name="test_kn_b31_interco_guard" time="0.154" /><testcase classname="tests.test_kn_audit_2026_09_21_extended" name="test_kn_b32_fixed_asset_dispose_cross_entity" time="0.152" /><testcase classname="tests.test_kn_audit_2026_09_21_extended" name="test_kn_b33_landed_cost_actions_cross_entity[approve-payload0]" time="0.152" /><testcase classname="tests.test_kn_audit_2026_09_21_extended" name="test_kn_b33_landed_cost_actions_cross_entity[pay-payload1]" time="0.142" /><testcase classname="tests.test_kn_audit_2026_09_21_extended" name="test_kn_b33_landed_cost_actions_cross_entity[cancel-payload2]" time="0.143" /><testcase classname="tests.test_kn_audit_2026_09_21_extended" name="test_kn_b34_bank_account_patch_cross_entity" time="0.142" /><testcase classname="tests.test_kn_audit_2026_09_21_extended" name="test_kn_c01_inbound_escalate_bad_status" time="0.082" /><testcase classname="tests.test_kn_audit_2026_09_21_extended" name="test_kn_c01_inbound_resolve_escalation_bad_status" time="0.075" /><testcase classname="tests.test_kn_audit_2026_09_21_extended" name="test_kn_c02_outbound_escalate_bad_status" time="0.077" /><testcase classname="tests.test_kn_audit_2026_09_21_extended" name="test_kn_b15_po_duplicate_product_line" time="0.072" /><testcase classname="tests.test_kn_audit_2026_09_21_extended" name="test_kn_a12_sales_orders_unique_number" time="0.003" /><testcase classname="tests.test_kn_audit_2026_09_21_extended" name="test_kn_a12_journal_entries_unique_source" time="0.003" /><testcase classname="tests.test_kn_audit_2026_09_21_extended" name="test_kn_d02_so_approve_rejected_returns_409" time="0.082" /><testcase classname="tests.test_kn_audit_2026_09_21_extended" name="test_kn_d05_po_approve_cas_parallel" time="0.961" /><testcase classname="tests.test_kn_audit_2026_09_21_extended" name="test_kn_c03_c05_shared_constants" time="0.271" /><testcase classname="tests.test_kn_audit_2026_09_21_extended" name="test_regression_read_endpoints_ok[dashboard]" time="0.093" /><testcase classname="tests.test_kn_audit_2026_09_21_extended" name="test_regression_read_endpoints_ok[gl/trial-balance]" time="0.075" /><testcase classname="tests.test_kn_audit_2026_09_21_extended" name="test_regression_read_endpoints_ok[vendor-bills]" time="0.076" /><testcase classname="tests.test_kn_audit_2026_09_21_extended" name="test_regression_read_endpoints_ok[purchase-returns]" time="0.076" /><testcase classname="tests.test_kn_audit_2026_09_21_extended" name="test_regression_read_endpoints_ok[desks/me]" time="0.077" /><testcase classname="tests.test_kn_audit_2026_09_21_extended" name="test_regression_inventory_endpoint" time="0.082" /></testsuite></testsuites>