<?xml version="1.0" encoding="utf-8"?><testsuites name="pytest tests"><testsuite name="pytest" errors="0" failures="0" skipped="0" tests="10" time="11.965" timestamp="2026-09-06T20:11:17.384740+00:00" hostname="agent-env-8ac04e98-7a69-486e-97f6-068da7b59c90"><testcase classname="tests.test_iter317_completion_targets" name="test_auth_me_includes_permissions" time="2.147" /><testcase classname="tests.test_iter317_completion_targets" name="test_link_existing_variant_success_and_stock_persists" time="1.395" /><testcase classname="tests.test_iter317_completion_targets" name="test_link_existing_variant_rejects_duplicate_combination" time="0.766" /><testcase classname="tests.test_iter317_completion_targets" name="test_link_existing_variant_rejects_mismatched_unit" time="0.691" /><testcase classname="tests.test_iter317_completion_targets" name="test_exclusive_owner_nonowner_cannot_list_detail_or_media" time="2.468" /><testcase classname="tests.test_iter317_completion_targets" name="test_media_restrictions_lifecycle_and_invalid_inputs" time="1.683" /><testcase classname="tests.test_iter317_completion_targets" name="test_parallel_media_upload_cas_conflict_or_no_loss" time="0.491" /><testcase classname="tests.test_iter317_completion_targets" name="test_product_patch_cannot_archive_parent_with_children" time="0.439" /><testcase classname="tests.test_iter317_completion_targets" name="test_sales_order_stock_backed_create_and_cancel" time="1.356" /><testcase classname="tests.test_iter317_completion_targets" name="test_saga_lock_registry_contains_md_specs" time="0.131" /></testsuite></testsuites>