<?xml version="1.0" encoding="utf-8"?><testsuites name="pytest tests"><testsuite name="pytest" errors="0" failures="0" skipped="0" tests="12" time="5.268" timestamp="2026-09-06T20:06:28.871672+00:00" hostname="agent-env-8ac04e98-7a69-486e-97f6-068da7b59c90"><testcase classname="tests.test_iter316_catalog_rnd_security" name="test_meta_gemini_disabled" time="1.717" /><testcase classname="tests.test_iter316_catalog_rnd_security" name="test_anonymous_catalog_endpoints_denied" time="0.109" /><testcase classname="tests.test_iter316_catalog_rnd_security" name="test_create_family_generate_8_and_readback" time="0.249" /><testcase classname="tests.test_iter316_catalog_rnd_security" name="test_generate_idempotent_repeat_skips_existing" time="0.269" /><testcase classname="tests.test_iter316_catalog_rnd_security" name="test_duplicate_combination_with_other_sku_denied" time="0.250" /><testcase classname="tests.test_iter316_catalog_rnd_security" name="test_invalid_axes_empty_option_and_duplicate_code_return_400" time="0.153" /><testcase classname="tests.test_iter316_catalog_rnd_security" name="test_over_200_combinations_rejected_without_partial_writes" time="0.529" /><testcase classname="tests.test_iter316_catalog_rnd_security" name="test_patch_nan_or_inf_returns_400_not_500" time="0.240" /><testcase classname="tests.test_iter316_catalog_rnd_security" name="test_rnd_spec_approve_links_template_and_cm_to_meter" time="0.414" /><testcase classname="tests.test_iter316_catalog_rnd_security" name="test_rnd_target_product_id_rejects_released_sku" time="0.484" /><testcase classname="tests.test_iter316_catalog_rnd_security" name="test_md_role_can_create_template_not_admin_only" time="0.076" /><testcase classname="tests.test_iter316_catalog_rnd_security" name="test_sales_cannot_mutate_and_cost_fields_hidden" time="0.414" /></testsuite></testsuites>