<?xml version="1.0" encoding="utf-8"?><testsuites name="pytest tests"><testsuite name="pytest" errors="0" failures="0" skipped="0" tests="10" time="12.098" timestamp="2026-09-06T20:46:37.100220+00:00" hostname="agent-env-38d3b6ec-ce85-42a1-95ed-b994d6d26e9e"><testcase classname="tests.test_iter317_completion_targets" name="test_auth_me_includes_permissions" time="2.089" /><testcase classname="tests.test_iter317_completion_targets" name="test_link_existing_variant_success_and_stock_persists" time="1.521" /><testcase classname="tests.test_iter317_completion_targets" name="test_link_existing_variant_rejects_duplicate_combination" time="0.953" /><testcase classname="tests.test_iter317_completion_targets" name="test_link_existing_variant_rejects_mismatched_unit" time="0.589" /><testcase classname="tests.test_iter317_completion_targets" name="test_exclusive_owner_nonowner_cannot_list_detail_or_media" time="2.335" /><testcase classname="tests.test_iter317_completion_targets" name="test_media_restrictions_lifecycle_and_invalid_inputs" time="1.766" /><testcase classname="tests.test_iter317_completion_targets" name="test_parallel_media_upload_cas_conflict_or_no_loss" time="0.443" /><testcase classname="tests.test_iter317_completion_targets" name="test_product_patch_cannot_archive_parent_with_children" time="0.421" /><testcase classname="tests.test_iter317_completion_targets" name="test_sales_order_stock_backed_create_and_cancel" time="1.448" /><testcase classname="tests.test_iter317_completion_targets" name="test_saga_lock_registry_contains_md_specs" time="0.134" /></testsuite></testsuites>