<?xml version="1.0" encoding="utf-8"?><testsuites name="pytest tests"><testsuite name="pytest" errors="0" failures="0" skipped="0" tests="5" time="1.658" timestamp="2026-09-18T15:31:16.173877+00:00" hostname="agent-env-81479062-1c49-415e-af73-a264be4a825d"><testcase classname="tests.test_rnd_samples_qa3" name="test_list_samples_returns_items_and_stats" time="0.589" /><testcase classname="tests.test_rnd_samples_qa3" name="test_sample_types_meta" time="0.153" /><testcase classname="tests.test_rnd_samples_qa3" name="test_create_sample_labdip_handfeel" time="0.163" /><testcase classname="tests.test_rnd_samples_qa3" name="test_patch_add_proofing_type" time="0.230" /><testcase classname="tests.test_rnd_samples_qa3" name="test_cancel_cleanup" time="0.148" /></testsuite></testsuites>